TN:
SF:/Users/artem/dev/rust/L2Shablya/entities/src/dao/char_skill.rs
FN:10,skill::Model::char_skills
FNF:1
FNDA:0,skill::Model::char_skills
DA:10,0
DA:11,0
DA:12,0
DA:13,0
DA:14,0
LF:5
LH:0
end_of_record
TN:
SF:/Users/artem/dev/rust/L2Shablya/entities/src/dao/character.rs
FN:10,character::Model::char_exists
FN:17,character::Model::create_char
FN:26,character::Model::delete_char
FN:34,character::Model::restore_char
FN:42,character::Model::find_by_username
FN:57,character::Model::get_with_items_and_vars
FN:84,character::Model::get_lvl
FNF:7
FNDA:10,character::Model::char_exists
FNDA:3,character::Model::create_char
FNDA:1,character::Model::delete_char
FNDA:2,character::Model::restore_char
FNDA:3,character::Model::find_by_username
FNDA:2,character::Model::get_with_items_and_vars
FNDA:4,character::Model::get_lvl
DA:10,10
DA:11,10
DA:12,25
DA:13,10
DA:14,5
DA:15,5
DA:17,3
DA:21,12
DA:22,3
DA:23,3
DA:24,9
DA:26,1
DA:30,4
DA:31,1
DA:32,3
DA:34,2
DA:38,8
DA:39,2
DA:40,6
DA:42,3
DA:46,9
DA:48,6
DA:49,12
DA:51,15
DA:52,6
DA:53,3
DA:57,2
DA:62,6
DA:63,8
DA:64,8
DA:65,10
DA:66,10
DA:67,6
DA:68,4
DA:69,2
DA:73,1
DA:75,1
DA:77,6
DA:84,4
DA:85,4
LF:40
LH:40
end_of_record
TN:
SF:/Users/artem/dev/rust/L2Shablya/entities/src/dao/clan_ally.rs
FN:7,clan_ally::Model::load_all
FNF:1
FNDA:0,clan_ally::Model::load_all
DA:7,0
DA:8,0
LF:2
LH:0
end_of_record
TN:
SF:/Users/artem/dev/rust/L2Shablya/entities/src/dao/item.rs
FN:45,ItemVariations::as_key
FN:61,ItemVariables::as_key
FN:78,item::Model::get_augmentation
FNF:3
FNDA:6,ItemVariations::as_key
FNDA:3,ItemVariables::as_key
FNDA:1,item::Model::get_augmentation
DA:45,6
DA:46,6
DA:47,2
DA:48,2
DA:49,2
DA:61,3
DA:62,3
DA:63,3
DA:64,0
DA:65,0
DA:78,1
DA:79,2
DA:80,1
DA:81,3
DA:82,1
DA:83,1
DA:86,0
DA:92,1
DA:93,2
LF:19
LH:16
end_of_record
TN:
SF:/Users/artem/dev/rust/L2Shablya/entities/src/dao/user.rs
FN:9,Model::verify_password
FN:38,Model::find_some_by_username
FN:56,Model::find_by_username
FNF:3
FNDA:6,Model::verify_password
FNDA:9,Model::find_some_by_username
FNDA:6,Model::find_by_username
DA:9,6
DA:10,9
DA:11,9
DA:14,9
DA:15,6
DA:16,0
DA:17,0
DA:23,3
DA:24,0
DA:25,0
DA:26,0
DA:38,9
DA:42,18
DA:43,45
DA:44,18
DA:45,9
DA:56,6
DA:60,12
DA:61,30
DA:62,12
DA:63,6
DA:64,6
LF:22
LH:17
end_of_record
TN:
SF:/Users/artem/dev/rust/L2Shablya/entities/src/entities/castle.rs
FN:34,<impl Related for Entity>::to
FNF:1
FNDA:0,<impl Related for Entity>::to
DA:34,0
DA:35,0
LF:2
LH:0
end_of_record
TN:
SF:/Users/artem/dev/rust/L2Shablya/entities/src/entities/character.rs
FN:126,<impl Related for Entity>::to
FNF:1
FNDA:3,<impl Related for Entity>::to
DA:102,0
DA:103,0
DA:108,2
DA:109,4
DA:114,0
DA:115,0
DA:120,0
DA:121,0
DA:126,3
DA:127,6
LF:10
LH:4
end_of_record
TN:
SF:/Users/artem/dev/rust/L2Shablya/entities/src/entities/clan_ally.rs
FN:82,<impl Related for Entity>::to
FNF:1
FNDA:0,<impl Related for Entity>::to
DA:76,0
DA:77,0
DA:82,0
DA:83,0
LF:4
LH:0
end_of_record
TN:
SF:/Users/artem/dev/rust/L2Shablya/entities/src/entities/item.rs
FN:43,<impl Related for Entity>::to
FNF:1
FNDA:2,<impl Related for Entity>::to
DA:43,2
DA:44,4
LF:2
LH:2
end_of_record
TN:
SF:/Users/artem/dev/rust/L2Shablya/entities/src/entities/quest.rs
FN:30,<impl Related for Entity>::to
FNF:1
FNDA:0,<impl Related for Entity>::to
DA:30,0
DA:31,0
LF:2
LH:0
end_of_record
TN:
SF:/Users/artem/dev/rust/L2Shablya/entities/src/entities/skill.rs
FN:31,<impl Related for Entity>::to
FNF:1
FNDA:0,<impl Related for Entity>::to
DA:31,0
DA:32,0
LF:2
LH:0
end_of_record
TN:
SF:/Users/artem/dev/rust/L2Shablya/entities/src/entities/user.rs
FN:18,<impl Display for Model>::fmt
FN:34,<impl Related for Entity>::to
FNF:2
FNDA:0,<impl Display for Model>::fmt
FNDA:3,<impl Related for Entity>::to
DA:18,0
DA:19,0
DA:20,0
DA:34,3
DA:35,6
LF:5
LH:2
end_of_record
TN:
SF:/Users/artem/dev/rust/L2Shablya/entities/src/test_factories.rs
FN:10,factories::user_factory
FN:32,factories::char_factory
FN:62,factories::item_factory
FNF:3
FNDA:51,factories::user_factory
FNDA:31,factories::char_factory
FNDA:3,factories::item_factory
DA:10,51
DA:15,153
DA:17,102
DA:20,153
DA:21,51
DA:22,102
DA:24,102
DA:25,51
DA:32,31
DA:37,62
DA:51,93
DA:52,31
DA:53,62
DA:55,62
DA:56,31
DA:62,3
DA:75,9
DA:76,3
DA:77,6
DA:78,6
DA:79,3
LF:21
LH:21
end_of_record
TN:
SF:/Users/artem/dev/rust/L2Shablya/game/src/controller.rs
FN:35,GameController::new
FN:54,GameController::set_ls_actor
FN:58,GameController::get_ls_actor
FN:61,GameController::try_get_ls_actor
FN:69,GameController::get_cfg
FN:73,GameController::get_game_time
FN:77,GameController::get_online_accounts
FN:83,GameController::add_online_account
FN:87,GameController::logout_account
FN:116,<impl IpBan for GameController>::is_ip_banned
FNF:10
FNDA:0,GameController::new
FNDA:8,GameController::set_ls_actor
FNDA:0,GameController::get_ls_actor
FNDA:6,GameController::try_get_ls_actor
FNDA:12,GameController::get_cfg
FNDA:1,GameController::get_game_time
FNDA:1,GameController::get_online_accounts
FNDA:22,GameController::add_online_account
FNDA:1,GameController::logout_account
FNDA:0,<impl IpBan for GameController>::is_ip_banned
DA:35,0
DA:36,0
DA:37,0
DA:38,0
DA:39,0
DA:40,0
DA:44,0
DA:48,0
DA:49,0
DA:50,0
DA:51,0
DA:54,8
DA:55,12
DA:58,0
DA:59,0
DA:61,6
DA:62,3
DA:64,3
DA:66,1
DA:69,12
DA:70,24
DA:73,1
DA:75,1
DA:77,1
DA:78,1
DA:80,3
DA:83,22
DA:84,66
DA:85,88
DA:87,1
DA:88,3
DA:89,1
DA:116,0
DA:117,0
LF:34
LH:19
end_of_record
TN:
SF:/Users/artem/dev/rust/L2Shablya/game/src/cp_factory.rs
FN:41,build_client_packet
FN:70,build_ex_client_packet
FNF:2
FNDA:0,build_client_packet
FNDA:0,build_ex_client_packet
DA:41,0
DA:42,0
DA:43,0
DA:48,0
DA:50,0
DA:52,0
DA:55,0
DA:57,0
DA:58,0
DA:59,0
DA:60,0
DA:61,0
DA:62,0
DA:64,0
DA:65,0
DA:70,0
DA:71,0
DA:72,0
DA:77,0
DA:78,0
DA:79,0
DA:81,0
DA:84,0
DA:87,0
DA:90,0
DA:91,0
LF:26
LH:0
end_of_record
TN:
SF:/Users/artem/dev/rust/L2Shablya/game/src/ls_client.rs
FN:37,<impl Debug for LoginServerClient>::fmt
FN:44,LoginServerClient::new
FN:55,LoginServerClient::set_blowfish
FN:67,<impl Actor for LoginServerClient>::name
FN:70,<impl Actor for LoginServerClient>::on_start
FN:86,<impl Actor for LoginServerClient>::on_panic
FN:98,<impl Actor for LoginServerClient>::on_link_died
FN:106,<impl Actor for LoginServerClient>::on_stop
FNF:8
FNDA:0,<impl Debug for LoginServerClient>::fmt
FNDA:3,LoginServerClient::new
FNDA:1,LoginServerClient::set_blowfish
FNDA:3,<impl Actor for LoginServerClient>::name
FNDA:6,<impl Actor for LoginServerClient>::on_start
FNDA:0,<impl Actor for LoginServerClient>::on_panic
FNDA:0,<impl Actor for LoginServerClient>::on_link_died
FNDA:0,<impl Actor for LoginServerClient>::on_stop
DA:37,0
DA:38,0
DA:39,0
DA:44,3
DA:45,9
DA:52,3
DA:55,1
DA:56,1
DA:67,3
DA:68,3
DA:70,6
DA:71,12
DA:72,3
DA:73,9
DA:74,6
DA:75,3
DA:76,3
DA:77,3
DA:78,3
DA:80,6
DA:81,9
DA:82,6
DA:83,6
DA:84,3
DA:86,0
DA:91,0
DA:92,0
DA:94,0
DA:96,0
DA:98,0
DA:104,0
DA:106,0
DA:111,0
DA:113,0
DA:115,0
DA:117,0
DA:139,6
DA:140,12
DA:142,6
DA:143,6
LF:40
LH:25
end_of_record
TN:
SF:/Users/artem/dev/rust/L2Shablya/game/src/lsp_factory.rs
FN:20,build_ls_packet
FNF:1
FNDA:0,build_ls_packet
DA:20,0
DA:21,0
DA:22,0
DA:25,0
DA:26,0
DA:27,0
DA:29,0
DA:31,0
DA:32,0
DA:34,0
LF:10
LH:0
end_of_record
TN:
SF:/Users/artem/dev/rust/L2Shablya/game/src/main.rs
FN:32,main
FNF:1
FNDA:0,main
DA:32,0
DA:33,0
DA:40,0
DA:41,0
DA:42,0
DA:44,0
DA:45,0
DA:46,0
DA:47,0
DA:48,0
DA:49,0
DA:50,0
DA:52,0
DA:53,0
DA:54,0
DA:56,0
DA:57,0
DA:58,0
DA:59,0
DA:60,0
DA:61,0
DA:62,0
DA:63,0
DA:64,0
DA:65,0
DA:67,0
DA:68,0
DA:71,0
DA:73,0
DA:74,0
DA:75,0
DA:76,0
DA:77,0
DA:78,0
DA:79,0
DA:80,0
DA:81,0
DA:83,0
DA:84,0
DA:87,0
DA:88,0
DA:89,0
DA:91,0
DA:92,0
DA:95,0
DA:96,0
DA:98,0
DA:99,0
LF:48
LH:0
end_of_record
TN:
SF:/Users/artem/dev/rust/L2Shablya/game/src/managers/clan_ally.rs
FN:17,ClanAllyManager::new
FN:27,ClanAllyManager::is_clan_leader
FNF:2
FNDA:0,ClanAllyManager::new
FNDA:0,ClanAllyManager::is_clan_leader
DA:17,0
DA:18,0
DA:19,0
DA:22,0
DA:27,0
DA:28,0
DA:29,0
DA:30,0
LF:8
LH:0
end_of_record
TN:
SF:/Users/artem/dev/rust/L2Shablya/game/src/packets/from_client/auth.rs
FN:31,<impl ReadablePacket for AuthLogin>::read
FN:51,AuthLogin::authenticate_user
FNF:2
FNDA:0,<impl ReadablePacket for AuthLogin>::read
FNDA:1,AuthLogin::authenticate_user
DA:31,0
DA:32,0
DA:33,0
DA:34,0
DA:35,0
DA:36,0
DA:37,0
DA:51,1
DA:57,1
DA:58,1
DA:60,1
DA:61,2
DA:62,0
DA:65,1
DA:69,1
DA:77,0
DA:79,1
DA:81,0
DA:82,0
DA:83,0
DA:84,0
DA:85,0
DA:100,1
DA:104,0
DA:106,1
LF:25
LH:10
end_of_record
TN:
SF:/Users/artem/dev/rust/L2Shablya/game/src/packets/from_client/char_create.rs
FN:36,CreateCharRequest::validate
FN:59,<impl ReadablePacket for CreateCharRequest>::read
FNF:2
FNDA:3,CreateCharRequest::validate
FNDA:4,<impl ReadablePacket for CreateCharRequest>::read
DA:36,3
DA:37,6
DA:38,0
DA:40,9
DA:41,0
DA:48,0
DA:59,4
DA:60,12
DA:63,8
DA:64,4
DA:65,4
DA:66,12
DA:67,4
DA:68,4
DA:69,4
DA:70,4
DA:71,4
DA:72,4
DA:73,8
DA:74,8
DA:75,8
LF:21
LH:18
end_of_record
TN:
SF:/Users/artem/dev/rust/L2Shablya/game/src/packets/from_client/char_restore.rs
FN:20,<impl ReadablePacket for RestoreChar>::read
FN:43,<impl Message for PlayerClient>::handle
FNF:2
FNDA:0,<impl ReadablePacket for RestoreChar>::read
FNDA:1,<impl Message for PlayerClient>::handle
DA:20,0
DA:21,0
DA:23,0
DA:43,1
DA:44,2
DA:45,0
DA:47,1
LF:7
LH:3
end_of_record
TN:
SF:/Users/artem/dev/rust/L2Shablya/game/src/packets/from_client/char_select.rs
FN:19,<impl ReadablePacket for SelectChar>::read
FNF:1
FNDA:0,<impl ReadablePacket for SelectChar>::read
DA:19,0
DA:20,0
DA:22,0
LF:3
LH:0
end_of_record
TN:
SF:/Users/artem/dev/rust/L2Shablya/game/src/packets/from_client/delete_char.rs
FN:21,<impl ReadablePacket for DeleteChar>::read
FN:39,<impl Message for PlayerClient>::handle
FNF:2
FNDA:0,<impl ReadablePacket for DeleteChar>::read
FNDA:0,<impl Message for PlayerClient>::handle
DA:21,0
DA:22,0
DA:24,0
DA:39,0
DA:40,0
DA:41,0
DA:43,0
LF:7
LH:0
end_of_record
TN:
SF:/Users/artem/dev/rust/L2Shablya/game/src/packets/from_client/enter_world.rs
FN:30,<impl ReadablePacket for EnterWorld>::read
FN:133,<impl Message for PlayerClient>::handle
FNF:2
FNDA:0,<impl ReadablePacket for EnterWorld>::read
FNDA:0,<impl Message for PlayerClient>::handle
DA:30,0
DA:31,0
DA:35,0
DA:36,0
DA:37,0
DA:47,0
DA:133,0
DA:134,0
DA:135,0
DA:136,0
DA:137,0
DA:138,0
DA:139,0
LF:13
LH:0
end_of_record
TN:
SF:/Users/artem/dev/rust/L2Shablya/game/src/packets/from_client/extended/check_char_name.rs
FN:19,<impl ReadablePacket for CheckCharName>::read
FNF:1
FNDA:0,<impl ReadablePacket for CheckCharName>::read
DA:19,0
DA:20,0
DA:22,0
LF:3
LH:0
end_of_record
TN:
SF:/Users/artem/dev/rust/L2Shablya/game/src/packets/from_client/extended/go_to_lobby.rs
FN:15,<impl ReadablePacket for GoLobby>::read
FNF:1
FNDA:0,<impl ReadablePacket for GoLobby>::read
DA:15,0
DA:16,0
LF:2
LH:0
end_of_record
TN:
SF:/Users/artem/dev/rust/L2Shablya/game/src/packets/from_client/extended/manor_list.rs
FN:15,<impl ReadablePacket for RequestManorList>::read
FNF:1
FNDA:0,<impl ReadablePacket for RequestManorList>::read
DA:15,0
DA:16,0
LF:2
LH:0
end_of_record
TN:
SF:/Users/artem/dev/rust/L2Shablya/game/src/packets/from_client/extended/req_user_ban_info.rs
FN:14,<impl ReadablePacket for RequestUserBanInfo>::read
FNF:1
FNDA:0,<impl ReadablePacket for RequestUserBanInfo>::read
DA:14,0
DA:15,0
LF:2
LH:0
end_of_record
TN:
SF:/Users/artem/dev/rust/L2Shablya/game/src/packets/from_client/extended/request_key_mapping.rs
FN:14,<impl ReadablePacket for RequestKeyMapping>::read
FNF:1
FNDA:0,<impl ReadablePacket for RequestKeyMapping>::read
DA:14,0
DA:15,0
LF:2
LH:0
end_of_record
TN:
SF:/Users/artem/dev/rust/L2Shablya/game/src/packets/from_client/extended/send_client_ini.rs
FN:14,<impl ReadablePacket for SendClientIni>::read
FNF:1
FNDA:0,<impl ReadablePacket for SendClientIni>::read
DA:14,0
DA:15,0
LF:2
LH:0
end_of_record
TN:
SF:/Users/artem/dev/rust/L2Shablya/game/src/packets/from_client/logout.rs
FN:13,<impl ReadablePacket for Logout>::read
FNF:1
FNDA:0,<impl ReadablePacket for Logout>::read
DA:13,0
DA:14,0
LF:2
LH:0
end_of_record
TN:
SF:/Users/artem/dev/rust/L2Shablya/game/src/packets/from_client/new_char_request.rs
FN:15,<impl ReadablePacket for NewCharacterRequest>::read
FNF:1
FNDA:0,<impl ReadablePacket for NewCharacterRequest>::read
DA:15,0
DA:16,0
LF:2
LH:0
end_of_record
TN:
SF:/Users/artem/dev/rust/L2Shablya/game/src/packets/from_client/noop.rs
FN:14,<impl ReadablePacket for NoOp>::read
FNF:1
FNDA:0,<impl ReadablePacket for NoOp>::read
DA:14,0
DA:15,0
LF:2
LH:0
end_of_record
TN:
SF:/Users/artem/dev/rust/L2Shablya/game/src/packets/from_client/protocol.rs
FN:21,<impl ReadablePacket for ProtocolVersion>::read
FNF:1
FNDA:0,<impl ReadablePacket for ProtocolVersion>::read
DA:21,0
DA:22,0
DA:23,0
LF:3
LH:0
end_of_record
TN:
SF:/Users/artem/dev/rust/L2Shablya/game/src/packets/to_client/abnormal_status_update.rs
FN:14,AbnormalStatusUpdate::new
FNF:1
FNDA:1,AbnormalStatusUpdate::new
DA:14,1
DA:16,1
DA:18,2
DA:19,1
DA:21,1
LF:5
LH:5
end_of_record
TN:
SF:/Users/artem/dev/rust/L2Shablya/game/src/packets/to_client/acquire_skill_list.rs
FN:14,AcquireSkillList::new
FNF:1
FNDA:1,AcquireSkillList::new
DA:14,1
DA:16,1
DA:18,2
DA:19,1
DA:21,1
LF:5
LH:5
end_of_record
TN:
SF:/Users/artem/dev/rust/L2Shablya/game/src/packets/to_client/char_create_fail.rs
FN:16,CreateCharFailed::new
FNF:1
FNDA:2,CreateCharFailed::new
DA:16,2
DA:18,2
DA:19,2
DA:21,4
DA:22,2
DA:23,2
LF:6
LH:6
end_of_record
TN:
SF:/Users/artem/dev/rust/L2Shablya/game/src/packets/to_client/char_create_ok.rs
FN:14,CreateCharOk::new
FNF:1
FNDA:2,CreateCharOk::new
DA:14,2
DA:16,2
DA:18,4
DA:19,2
DA:20,2
LF:5
LH:5
end_of_record
TN:
SF:/Users/artem/dev/rust/L2Shablya/game/src/packets/to_client/char_delete_fail.rs
FN:16,CharDeleteFail::new
FNF:1
FNDA:1,CharDeleteFail::new
DA:16,1
DA:18,1
DA:20,2
DA:21,1
DA:22,1
LF:5
LH:5
end_of_record
TN:
SF:/Users/artem/dev/rust/L2Shablya/game/src/packets/to_client/char_etc_status_update.rs
FN:14,CharEtcStatusUpdate::new
FNF:1
FNDA:1,CharEtcStatusUpdate::new
DA:14,1
DA:16,1
DA:18,2
DA:19,1
DA:20,1
DA:21,1
DA:22,1
DA:23,1
DA:24,0
DA:25,3
DA:26,1
DA:27,1
DA:28,1
DA:29,1
LF:14
LH:13
end_of_record
TN:
SF:/Users/artem/dev/rust/L2Shablya/game/src/packets/to_client/char_selected.rs
FN:16,CharSelected::new
FNF:1
FNDA:2,CharSelected::new
DA:16,2
DA:18,2
DA:20,4
DA:21,2
DA:22,0
DA:23,2
DA:24,2
DA:25,0
DA:26,2
DA:27,2
DA:28,0
DA:29,2
DA:30,2
DA:31,0
DA:32,2
DA:33,0
DA:34,2
DA:35,0
DA:36,2
DA:37,2
DA:38,2
DA:39,2
DA:40,2
DA:41,2
DA:42,2
DA:43,2
DA:44,2
DA:45,2
DA:46,2
DA:47,2
DA:48,2
DA:49,2
DA:50,0
DA:51,2
DA:52,2
DA:53,2
DA:54,2
DA:55,2
LF:38
LH:31
end_of_record
TN:
SF:/Users/artem/dev/rust/L2Shablya/game/src/packets/to_client/char_selection.rs
FN:21,CharSelectionInfo::new
FNF:1
FNDA:4,CharSelectionInfo::new
DA:21,4
DA:27,8
DA:28,8
DA:29,4
DA:30,0
DA:31,4
DA:33,0
DA:34,4
DA:35,4
DA:36,4
DA:37,4
DA:38,4
DA:40,4
DA:41,4
DA:42,2
DA:43,0
DA:44,0
DA:46,6
DA:47,2
DA:48,2
DA:49,2
DA:50,2
DA:51,2
DA:52,2
DA:53,2
DA:54,2
DA:55,2
DA:56,2
DA:57,2
DA:58,2
DA:59,2
DA:60,2
DA:61,2
DA:62,2
DA:63,2
DA:66,0
DA:67,2
DA:68,2
DA:69,2
DA:70,2
DA:71,2
DA:72,2
DA:73,2
DA:74,2
DA:75,2
DA:76,2
DA:77,2
DA:78,2
DA:79,2
DA:80,68
DA:81,330
DA:83,20
DA:84,90
DA:86,2
DA:87,2
DA:88,2
DA:89,2
DA:90,2
DA:91,2
DA:92,2
DA:93,2
DA:94,2
DA:95,2
DA:96,2
DA:97,2
DA:99,2
DA:100,2
DA:101,2
DA:103,0
DA:104,0
DA:105,0
DA:106,0
DA:108,4
DA:109,2
DA:111,2
DA:112,2
DA:113,2
DA:114,2
DA:115,2
DA:116,2
DA:117,2
DA:118,2
DA:119,2
DA:120,2
DA:121,2
DA:122,2
DA:123,2
DA:125,0
DA:127,2
DA:130,2
DA:132,4
DA:133,4
DA:134,4
DA:135,4
LF:94
LH:84
end_of_record
TN:
SF:/Users/artem/dev/rust/L2Shablya/game/src/packets/to_client/extended/action_list.rs
FN:15,BasicActionList::new
FNF:1
FNDA:1,BasicActionList::new
DA:15,1
DA:18,1
DA:20,2
DA:21,1
DA:22,2
DA:23,485
DA:24,726
DA:26,1
LF:8
LH:8
end_of_record
TN:
SF:/Users/artem/dev/rust/L2Shablya/game/src/packets/to_client/extended/adena_info.rs
FN:14,InventoryAdenaInfo::new
FNF:1
FNDA:1,InventoryAdenaInfo::new
DA:14,1
DA:16,1
DA:18,2
DA:19,1
DA:20,1
DA:21,1
DA:22,1
LF:7
LH:7
end_of_record
TN:
SF:/Users/artem/dev/rust/L2Shablya/game/src/packets/to_client/extended/auto_soulshots.rs
FN:14,AutoSoulShots::new
FNF:1
FNDA:1,AutoSoulShots::new
DA:14,1
DA:16,1
DA:18,2
DA:19,1
DA:20,1
DA:21,1
DA:22,1
DA:23,1
LF:8
LH:8
end_of_record
TN:
SF:/Users/artem/dev/rust/L2Shablya/game/src/packets/to_client/extended/bookmark_info.rs
FN:15,BookmarkInfo::new
FNF:1
FNDA:1,BookmarkInfo::new
DA:15,1
DA:17,1
DA:19,2
DA:20,1
DA:21,1
DA:22,1
DA:23,1
DA:24,1
DA:25,1
DA:26,0
DA:27,0
DA:28,0
DA:29,0
DA:30,0
DA:31,0
DA:32,0
DA:34,1
LF:17
LH:10
end_of_record
TN:
SF:/Users/artem/dev/rust/L2Shablya/game/src/packets/to_client/extended/char_exists_response.rs
FN:14,CharExistsResponse::new
FNF:1
FNDA:1,CharExistsResponse::new
DA:14,1
DA:16,1
DA:19,2
DA:20,1
DA:21,1
DA:22,1
LF:6
LH:6
end_of_record
TN:
SF:/Users/artem/dev/rust/L2Shablya/game/src/packets/to_client/extended/equipped_items.rs
FN:18,EquippedItems::new
FNF:1
FNDA:1,EquippedItems::new
DA:18,1
DA:20,1
DA:22,2
DA:23,1
DA:24,1
DA:25,1
DA:29,67
DA:33,1
DA:34,1
DA:35,34
DA:36,99
DA:37,132
DA:38,66
DA:39,33
DA:40,33
DA:41,0
DA:42,33
DA:43,0
DA:45,0
DA:46,33
DA:47,33
DA:48,0
DA:51,1
LF:23
LH:19
end_of_record
TN:
SF:/Users/artem/dev/rust/L2Shablya/game/src/packets/to_client/extended/inventory_weight.rs
FN:14,InventoryWeight::new
FNF:1
FNDA:1,InventoryWeight::new
DA:14,1
DA:16,1
DA:18,2
DA:19,1
DA:20,1
DA:21,1
DA:22,1
DA:23,1
LF:8
LH:8
end_of_record
TN:
SF:/Users/artem/dev/rust/L2Shablya/game/src/packets/to_client/extended/manor_list.rs
FN:13,ManorList::new
FNF:1
FNDA:0,ManorList::new
DA:13,0
DA:15,0
DA:17,0
DA:18,0
DA:20,0
DA:21,0
LF:6
LH:0
end_of_record
TN:
SF:/Users/artem/dev/rust/L2Shablya/game/src/packets/to_client/extended/pledge_waiting_list_alarm.rs
FN:13,PledgeWaitingListAlarm::new
FNF:1
FNDA:1,PledgeWaitingListAlarm::new
DA:13,1
DA:15,1
DA:17,2
DA:18,1
DA:19,1
LF:5
LH:5
end_of_record
TN:
SF:/Users/artem/dev/rust/L2Shablya/game/src/packets/to_client/extended/premium_state.rs
FN:15,PremiumState::new
FNF:1
FNDA:1,PremiumState::new
DA:15,1
DA:16,2
DA:17,2
DA:18,1
DA:19,1
DA:20,1
DA:21,1
LF:7
LH:7
end_of_record
TN:
SF:/Users/artem/dev/rust/L2Shablya/game/src/packets/to_client/extended/quest_item_list.rs
FN:15,QuestItemList::new
FNF:1
FNDA:1,QuestItemList::new
DA:15,1
DA:17,1
DA:19,2
DA:20,1
DA:21,1
DA:23,1
DA:26,1
DA:28,1
LF:8
LH:8
end_of_record
TN:
SF:/Users/artem/dev/rust/L2Shablya/game/src/packets/to_client/extended/rotation.rs
FN:15,Rotation::new
FNF:1
FNDA:1,Rotation::new
DA:15,1
DA:17,1
DA:19,2
DA:20,1
DA:21,1
DA:22,1
DA:23,1
LF:7
LH:7
end_of_record
TN:
SF:/Users/artem/dev/rust/L2Shablya/game/src/packets/to_client/extended/set_compas_zone.rs
FN:13,SetCompasZoneCode::new
FNF:1
FNDA:1,SetCompasZoneCode::new
DA:13,1
DA:14,2
DA:15,2
DA:16,1
DA:17,1
DA:18,1
LF:6
LH:6
end_of_record
TN:
SF:/Users/artem/dev/rust/L2Shablya/game/src/packets/to_client/extended/sorage_max_count.rs
FN:14,StorageMaxCount::new
FNF:1
FNDA:1,StorageMaxCount::new
DA:14,1
DA:16,1
DA:18,2
DA:19,1
DA:20,1
DA:21,1
DA:22,1
DA:23,1
DA:24,1
DA:25,1
DA:26,1
DA:27,1
DA:28,1
DA:29,1
DA:30,1
DA:31,1
DA:32,1
LF:17
LH:17
end_of_record
TN:
SF:/Users/artem/dev/rust/L2Shablya/game/src/packets/to_client/extended/subclass_info.rs
FN:21,SubclassInfo::new
FNF:1
FNDA:1,SubclassInfo::new
DA:21,1
DA:23,1
DA:25,2
DA:26,1
DA:27,1
DA:28,1
DA:29,1
DA:30,1
DA:31,1
DA:32,3
DA:33,3
DA:34,1
DA:35,1
DA:36,1
DA:38,1
LF:15
LH:15
end_of_record
TN:
SF:/Users/artem/dev/rust/L2Shablya/game/src/packets/to_client/extended/ui_settings.rs
FN:14,UISettings::new
FNF:1
FNDA:1,UISettings::new
DA:14,1
DA:16,1
DA:18,2
DA:19,1
DA:21,1
DA:22,1
LF:6
LH:6
end_of_record
TN:
SF:/Users/artem/dev/rust/L2Shablya/game/src/packets/to_client/extended/unread_mail_count.rs
FN:13,UnreadMailCount::new
FNF:1
FNDA:0,UnreadMailCount::new
DA:13,0
DA:15,0
DA:17,0
DA:18,0
DA:19,0
DA:20,0
LF:6
LH:0
end_of_record
TN:
SF:/Users/artem/dev/rust/L2Shablya/game/src/packets/to_client/extended/vitality_info.rs
FN:20,VitalityInfo::new
FNF:1
FNDA:1,VitalityInfo::new
DA:20,1
DA:22,2
DA:23,2
DA:24,3
DA:25,2
DA:28,2
DA:29,1
DA:30,1
DA:31,1
DA:32,1
DA:34,1
DA:35,1
DA:36,1
DA:37,1
DA:38,1
LF:15
LH:15
end_of_record
TN:
SF:/Users/artem/dev/rust/L2Shablya/game/src/packets/to_client/extended/vote_system.rs
FN:14,VoteSystem::new
FNF:1
FNDA:1,VoteSystem::new
DA:14,1
DA:16,1
DA:18,2
DA:19,1
DA:21,1
DA:22,1
DA:23,1
DA:24,1
DA:25,1
DA:26,1
LF:10
LH:10
end_of_record
TN:
SF:/Users/artem/dev/rust/L2Shablya/game/src/packets/to_client/friend_list.rs
FN:14,FriendList::new
FNF:1
FNDA:1,FriendList::new
DA:14,1
DA:16,1
DA:18,2
DA:19,1
DA:20,1
DA:22,1
LF:6
LH:6
end_of_record
TN:
SF:/Users/artem/dev/rust/L2Shablya/game/src/packets/to_client/henna_info.rs
FN:14,HennaInfo::new
FNF:1
FNDA:1,HennaInfo::new
DA:14,1
DA:16,1
DA:18,2
DA:19,1
DA:20,1
DA:21,1
DA:22,1
DA:23,1
DA:24,1
DA:25,1
DA:26,1
DA:27,1
DA:28,1
DA:35,1
DA:36,1
DA:37,1
DA:38,1
LF:17
LH:17
end_of_record
TN:
SF:/Users/artem/dev/rust/L2Shablya/game/src/packets/to_client/item_list.rs
FN:16,ItemList::new
FNF:1
FNDA:1,ItemList::new
DA:16,1
DA:18,1
DA:21,2
DA:22,1
DA:23,1
DA:24,1
DA:25,1
DA:26,0
DA:27,0
DA:28,0
DA:29,0
DA:30,0
DA:31,0
DA:32,0
DA:33,0
DA:35,0
DA:37,0
DA:38,0
DA:39,0
DA:40,0
DA:41,0
DA:42,0
DA:43,0
DA:44,0
DA:45,0
DA:46,0
DA:47,0
DA:48,0
DA:51,1
DA:54,1
DA:56,1
LF:31
LH:10
end_of_record
TN:
SF:/Users/artem/dev/rust/L2Shablya/game/src/packets/to_client/login_response.rs
FN:14,PlayerLoginResponse::ok
FN:25,PlayerLoginResponse::fail
FNF:2
FNDA:1,PlayerLoginResponse::ok
FNDA:0,PlayerLoginResponse::fail
DA:14,1
DA:15,2
DA:16,2
DA:17,1
DA:18,1
DA:19,1
DA:20,1
DA:21,1
DA:22,1
DA:25,0
DA:26,0
DA:27,0
DA:28,0
DA:29,0
DA:30,0
DA:31,0
DA:32,0
DA:33,0
LF:18
LH:9
end_of_record
TN:
SF:/Users/artem/dev/rust/L2Shablya/game/src/packets/to_client/macro_list.rs
FN:15,MacroUpdateType::id
FN:34,MacroList::list_macros
FN:51,MacroList::new
FNF:3
FNDA:1,MacroUpdateType::id
FNDA:1,MacroList::list_macros
FNDA:1,MacroList::new
DA:15,1
DA:16,1
DA:17,1
DA:18,0
DA:19,0
DA:34,1
DA:35,3
DA:36,2
DA:37,4
DA:39,0
DA:41,0
DA:42,0
DA:43,0
DA:48,0
DA:51,1
DA:57,2
DA:61,2
DA:62,1
DA:63,2
DA:64,1
DA:66,0
DA:68,0
DA:69,1
DA:70,1
DA:71,1
DA:73,0
DA:74,0
DA:75,0
DA:76,0
DA:77,0
DA:78,0
DA:79,0
DA:80,0
DA:81,0
DA:82,0
DA:83,0
DA:84,0
DA:85,0
DA:89,1
LF:39
LH:17
end_of_record
TN:
SF:/Users/artem/dev/rust/L2Shablya/game/src/packets/to_client/move_to.rs
FN:14,MoveTo::new
FNF:1
FNDA:0,MoveTo::new
DA:14,0
DA:15,0
DA:16,0
DA:17,0
DA:18,0
DA:19,0
DA:20,0
DA:21,0
DA:22,0
DA:23,0
DA:24,0
LF:11
LH:0
end_of_record
TN:
SF:/Users/artem/dev/rust/L2Shablya/game/src/packets/to_client/new_char_response.rs
FN:14,NewCharacterResponse::new
FNF:1
FNDA:0,NewCharacterResponse::new
DA:14,0
DA:15,0
DA:16,0
DA:19,0
DA:21,0
DA:22,0
DA:23,0
DA:24,0
DA:25,0
DA:26,0
DA:27,0
DA:28,0
DA:29,0
DA:30,0
DA:31,0
DA:32,0
DA:33,0
DA:34,0
DA:35,0
DA:36,0
DA:37,0
DA:38,0
DA:39,0
DA:40,0
DA:41,0
DA:42,0
DA:43,0
DA:45,0
LF:28
LH:0
end_of_record
TN:
SF:/Users/artem/dev/rust/L2Shablya/game/src/packets/to_client/protocol_response.rs
FN:14,ProtocolResponse::new
FN:33,ProtocolResponse::fail
FNF:2
FNDA:0,ProtocolResponse::new
FNDA:0,ProtocolResponse::fail
DA:14,0
DA:19,0
DA:20,0
DA:21,0
DA:22,0
DA:23,0
DA:24,0
DA:25,0
DA:26,0
DA:27,0
DA:28,0
DA:29,0
DA:30,0
DA:33,0
DA:34,0
DA:35,0
DA:36,0
DA:37,0
DA:38,0
DA:39,0
DA:40,0
DA:41,0
DA:42,0
DA:43,0
DA:44,0
DA:45,0
LF:26
LH:0
end_of_record
TN:
SF:/Users/artem/dev/rust/L2Shablya/game/src/packets/to_client/quest_list.rs
FN:14,QuestList::new
FNF:1
FNDA:1,QuestList::new
DA:14,1
DA:16,1
DA:18,2
DA:19,2
DA:20,1
DA:21,3
DA:22,3
DA:23,2
DA:24,3
DA:25,1
DA:26,0
DA:27,0
DA:29,0
DA:32,1
DA:33,1
LF:15
LH:12
end_of_record
TN:
SF:/Users/artem/dev/rust/L2Shablya/game/src/packets/to_client/shortcuts_init.rs
FN:13,ShortcutsInit::new
FNF:1
FNDA:1,ShortcutsInit::new
DA:13,1
DA:15,1
DA:17,2
DA:18,1
DA:20,1
LF:5
LH:5
end_of_record
TN:
SF:/Users/artem/dev/rust/L2Shablya/game/src/packets/to_client/skill_cool_time.rs
FN:14,SkillCoolTime::new
FNF:1
FNDA:1,SkillCoolTime::new
DA:14,1
DA:16,1
DA:18,2
DA:19,1
DA:20,1
DA:21,1
DA:22,0
LF:7
LH:6
end_of_record
TN:
SF:/Users/artem/dev/rust/L2Shablya/game/src/packets/to_client/skill_list.rs
FN:13,SkillList::empty
FN:21,SkillList::new
FNF:2
FNDA:0,SkillList::empty
FNDA:1,SkillList::new
DA:13,0
DA:15,0
DA:17,0
DA:18,0
DA:19,0
DA:21,1
DA:23,1
DA:25,2
DA:26,1
DA:27,0
DA:28,0
DA:29,0
DA:30,0
DA:31,0
DA:32,0
DA:33,0
DA:34,0
DA:35,0
DA:36,0
DA:39,2
DA:41,1
DA:42,1
LF:22
LH:7
end_of_record
TN:
SF:/Users/artem/dev/rust/L2Shablya/game/src/packets/to_client/system_message.rs
FN:12,<impl From for u16>::from
FN:23,SystemMessage::new
FNF:2
FNDA:1,<impl From for u16>::from
FNDA:1,SystemMessage::new
DA:12,1
DA:13,1
DA:23,1
DA:25,1
DA:27,2
DA:28,1
DA:29,1
DA:30,1
LF:8
LH:8
end_of_record
TN:
SF:/Users/artem/dev/rust/L2Shablya/game/src/packets/to_client/user_info.rs
FN:28,UserInfo::new
FN:143,UserInfo::get_title
FN:150,UserInfo::write_basic_info
FN:171,UserInfo::write_base_stats
FN:183,UserInfo::write_max_hp_cp_mp
FN:193,UserInfo::write_current_hp_mp_cp_exp_sp
FN:220,UserInfo::write_enchant_level
FN:226,UserInfo::write_appearance
FN:234,UserInfo::write_status
FN:243,UserInfo::write_stats
FN:262,UserInfo::write_elementals
FN:272,UserInfo::write_position
FN:281,UserInfo::write_speed
FN:311,UserInfo::write_multiplier
FN:318,UserInfo::write_collision
FN:324,UserInfo::write_attack_elementals
FN:331,UserInfo::write_clan
FN:349,UserInfo::write_social
FN:363,UserInfo::write_vita_fame
FN:371,UserInfo::write_slots
FN:383,UserInfo::write_movements
FN:396,UserInfo::write_color
FN:402,UserInfo::write_inventory_limit
FN:411,UserInfo::write_true_hero
FNF:24
FNDA:1,UserInfo::new
FNDA:2,UserInfo::get_title
FNDA:1,UserInfo::write_basic_info
FNDA:1,UserInfo::write_base_stats
FNDA:1,UserInfo::write_max_hp_cp_mp
FNDA:1,UserInfo::write_current_hp_mp_cp_exp_sp
FNDA:1,UserInfo::write_enchant_level
FNDA:1,UserInfo::write_appearance
FNDA:1,UserInfo::write_status
FNDA:1,UserInfo::write_stats
FNDA:1,UserInfo::write_elementals
FNDA:1,UserInfo::write_position
FNDA:1,UserInfo::write_speed
FNDA:1,UserInfo::write_multiplier
FNDA:1,UserInfo::write_collision
FNDA:1,UserInfo::write_attack_elementals
FNDA:1,UserInfo::write_clan
FNDA:1,UserInfo::write_social
FNDA:1,UserInfo::write_vita_fame
FNDA:1,UserInfo::write_slots
FNDA:1,UserInfo::write_movements
FNDA:1,UserInfo::write_color
FNDA:1,UserInfo::write_inventory_limit
FNDA:1,UserInfo::write_true_hero
DA:28,1
DA:34,2
DA:35,1
DA:36,2
DA:37,2
DA:38,3
DA:39,3
DA:40,3
DA:41,1
DA:43,1
DA:45,1
DA:46,2
DA:54,0
DA:55,1
DA:56,1
DA:57,1
DA:58,1
DA:59,2
DA:64,0
DA:66,1
DA:69,4
DA:70,3
DA:72,1
DA:73,4
DA:75,1
DA:76,3
DA:79,1
DA:80,3
DA:83,1
DA:84,4
DA:86,1
DA:87,3
DA:89,1
DA:90,3
DA:92,1
DA:93,3
DA:95,1
DA:96,3
DA:98,1
DA:99,3
DA:101,1
DA:102,3
DA:104,1
DA:105,3
DA:107,1
DA:108,3
DA:110,1
DA:111,3
DA:113,1
DA:114,3
DA:116,1
DA:117,3
DA:119,1
DA:120,4
DA:122,1
DA:123,3
DA:125,1
DA:126,3
DA:128,1
DA:129,3
DA:131,1
DA:132,3
DA:134,1
DA:135,3
DA:137,1
DA:138,3
DA:140,1
DA:143,2
DA:144,6
DA:145,0
DA:147,2
DA:150,1
DA:155,3
DA:156,4
DA:157,0
DA:158,1
DA:159,0
DA:160,1
DA:161,1
DA:162,1
DA:163,2
DA:164,0
DA:165,1
DA:166,0
DA:167,1
DA:168,1
DA:171,1
DA:172,2
DA:173,1
DA:174,1
DA:175,1
DA:176,1
DA:177,1
DA:178,1
DA:179,1
DA:180,1
DA:181,1
DA:183,1
DA:184,2
DA:185,1
DA:186,1
DA:187,1
DA:188,1
DA:189,1
DA:190,1
DA:191,1
DA:193,1
DA:198,2
DA:199,2
DA:200,1
DA:201,1
DA:202,1
DA:203,1
DA:204,1
DA:205,1
DA:206,1
DA:207,1
DA:208,1
DA:210,0
DA:216,1
DA:217,1
DA:220,1
DA:221,2
DA:222,1
DA:223,1
DA:224,1
DA:226,1
DA:227,2
DA:228,1
DA:229,1
DA:230,1
DA:231,1
DA:232,1
DA:234,1
DA:235,2
DA:236,1
DA:239,1
DA:243,1
DA:244,2
DA:246,1
DA:247,1
DA:248,1
DA:249,1
DA:250,1
DA:251,1
DA:252,1
DA:253,1
DA:254,1
DA:255,1
DA:256,0
DA:257,1
DA:258,1
DA:259,1
DA:260,1
DA:262,1
DA:263,2
DA:264,1
DA:265,1
DA:266,1
DA:267,1
DA:268,1
DA:269,1
DA:270,1
DA:272,1
DA:273,2
DA:274,1
DA:275,1
DA:276,1
DA:277,1
DA:278,0
DA:279,1
DA:281,1
DA:282,2
DA:283,2
DA:284,1
DA:286,1
DA:289,1
DA:292,1
DA:296,0
DA:297,1
DA:298,1
DA:299,1
DA:300,1
DA:301,1
DA:302,1
DA:303,0
DA:304,0
DA:306,1
DA:307,1
DA:309,1
DA:311,1
DA:312,2
DA:313,1
DA:314,0
DA:315,1
DA:316,1
DA:318,1
DA:319,2
DA:320,1
DA:321,1
DA:322,1
DA:324,1
DA:325,2
DA:326,1
DA:327,1
DA:328,1
DA:331,1
DA:332,3
DA:333,1
DA:334,3
DA:335,1
DA:336,1
DA:337,1
DA:338,0
DA:339,1
DA:340,1
DA:341,1
DA:342,0
DA:343,1
DA:344,1
DA:345,1
DA:346,1
DA:347,1
DA:349,1
DA:350,2
DA:351,1
DA:352,1
DA:353,1
DA:354,1
DA:355,1
DA:356,1
DA:357,1
DA:358,1
DA:359,1
DA:360,1
DA:361,1
DA:363,1
DA:364,2
DA:365,1
DA:366,1
DA:367,1
DA:368,1
DA:369,1
DA:371,1
DA:372,2
DA:373,1
DA:374,1
DA:375,0
DA:376,1
DA:377,1
DA:378,1
DA:379,1
DA:380,1
DA:381,1
DA:383,1
DA:384,2
DA:385,1
DA:386,0
DA:387,1
DA:388,0
DA:390,1
DA:392,0
DA:393,1
DA:394,1
DA:396,1
DA:397,2
DA:398,1
DA:399,1
DA:400,1
DA:402,1
DA:403,2
DA:404,1
DA:405,1
DA:406,1
DA:407,1
DA:408,0
DA:409,1
DA:411,1
DA:412,2
DA:413,1
DA:414,1
DA:415,1
DA:416,0
DA:418,1
DA:420,1
LF:285
LH:263
end_of_record
TN:
SF:/Users/artem/dev/rust/L2Shablya/game/src/packets/utils.rs
FN:5,validate_can_create_char
FNF:1
FNDA:4,validate_can_create_char
DA:5,4
DA:9,8
DA:10,0
DA:11,4
DA:12,0
DA:13,12
DA:14,1
LF:7
LH:5
end_of_record
TN:
SF:/Users/artem/dev/rust/L2Shablya/game/src/pl_client.rs
FN:71,<impl Debug for PlayerClient>::fmt
FN:79,PlayerClient::new
FN:117,PlayerClient::do_later
FN:125,PlayerClient::get_protocol
FN:128,PlayerClient::set_protocol
FN:139,PlayerClient::set_session_key
FN:143,PlayerClient::try_get_user
FN:146,PlayerClient::get_user
FN:149,PlayerClient::set_user
FN:153,PlayerClient::get_session_key
FN:156,PlayerClient::try_get_session_key
FN:161,PlayerClient::set_status
FN:164,PlayerClient::get_status
FN:168,PlayerClient::set_account_chars
FN:172,PlayerClient::get_account_chars
FN:175,PlayerClient::try_get_account_chars
FN:181,PlayerClient::select_char
FN:185,PlayerClient::get_selected_char_slot
FN:189,PlayerClient::add_character
FN:200,PlayerClient::with_char_by_slot_id
FN:223,PlayerClient::try_get_char_by_slot_id
FN:233,PlayerClient::try_get_selected_char
FN:240,PlayerClient::try_get_selected_char_mut
FN:254,PlayerClient::set_encryption
FN:261,PlayerClient::generate_key
FN:273,PlayerClient::encrypt
FN:281,PlayerClient::is_encryption_enabled
FN:286,PlayerClient::prepare_packet_data
FN:299,PlayerClient::send_packet
FN:303,PlayerClient::send_packet_blocking
FN:307,PlayerClient::send_packet_later
FN:324,<impl Actor for PlayerClient>::name
FN:327,<impl Actor for PlayerClient>::on_start
FN:342,<impl Actor for PlayerClient>::on_panic
FN:354,<impl Actor for PlayerClient>::on_link_died
FN:362,<impl Actor for PlayerClient>::on_stop
FN:418,<impl Message for PlayerClient>::handle
FNF:37
FNDA:0,<impl Debug for PlayerClient>::fmt
FNDA:21,PlayerClient::new
FNDA:0,PlayerClient::do_later
FNDA:1,PlayerClient::get_protocol
FNDA:1,PlayerClient::set_protocol
FNDA:7,PlayerClient::set_session_key
FNDA:13,PlayerClient::try_get_user
FNDA:5,PlayerClient::get_user
FNDA:14,PlayerClient::set_user
FNDA:3,PlayerClient::get_session_key
FNDA:11,PlayerClient::try_get_session_key
FNDA:11,PlayerClient::set_status
FNDA:5,PlayerClient::get_status
FNDA:8,PlayerClient::set_account_chars
FNDA:2,PlayerClient::get_account_chars
FNDA:2,PlayerClient::try_get_account_chars
FNDA:1,PlayerClient::select_char
FNDA:4,PlayerClient::get_selected_char_slot
FNDA:2,PlayerClient::add_character
FNDA:1,PlayerClient::with_char_by_slot_id
FNDA:3,PlayerClient::try_get_char_by_slot_id
FNDA:0,PlayerClient::try_get_selected_char
FNDA:0,PlayerClient::try_get_selected_char_mut
FNDA:0,PlayerClient::set_encryption
FNDA:0,PlayerClient::generate_key
FNDA:0,PlayerClient::encrypt
FNDA:8,PlayerClient::is_encryption_enabled
FNDA:0,PlayerClient::prepare_packet_data
FNDA:16,PlayerClient::send_packet
FNDA:0,PlayerClient::send_packet_blocking
FNDA:0,PlayerClient::send_packet_later
FNDA:21,<impl Actor for PlayerClient>::name
FNDA:42,<impl Actor for PlayerClient>::on_start
FNDA:0,<impl Actor for PlayerClient>::on_panic
FNDA:0,<impl Actor for PlayerClient>::on_link_died
FNDA:1,<impl Actor for PlayerClient>::on_stop
FNDA:0,<impl Message for PlayerClient>::handle
DA:71,0
DA:72,0
DA:73,0
DA:74,0
DA:79,21
DA:117,0
DA:118,0
DA:119,0
DA:121,0
DA:125,1
DA:126,1
DA:128,1
DA:129,2
DA:130,1
DA:131,0
DA:134,0
DA:136,1
DA:137,1
DA:139,7
DA:140,7
DA:143,13
DA:144,65
DA:146,5
DA:147,10
DA:149,14
DA:150,28
DA:153,3
DA:154,6
DA:156,11
DA:157,11
DA:159,33
DA:161,11
DA:162,11
DA:164,5
DA:165,5
DA:168,8
DA:169,16
DA:172,2
DA:173,4
DA:175,2
DA:176,8
DA:177,2
DA:181,1
DA:182,1
DA:185,4
DA:186,4
DA:189,2
DA:190,2
DA:192,4
DA:193,2
DA:195,1
DA:200,1
DA:209,2
DA:210,1
DA:211,0
DA:213,0
DA:214,0
DA:215,1
DA:216,0
DA:217,0
DA:219,1
DA:223,3
DA:224,3
DA:226,6
DA:227,3
DA:229,2
DA:233,0
DA:234,0
DA:235,0
DA:236,0
DA:240,0
DA:241,0
DA:242,0
DA:243,0
DA:245,0
DA:248,0
DA:250,0
DA:251,0
DA:254,0
DA:255,0
DA:258,0
DA:261,0
DA:262,0
DA:263,0
DA:264,0
DA:265,0
DA:266,0
DA:267,0
DA:268,0
DA:269,0
DA:270,0
DA:271,0
DA:273,0
DA:274,0
DA:277,0
DA:279,0
DA:281,8
DA:282,16
DA:286,0
DA:287,0
DA:288,0
DA:289,0
DA:290,0
DA:291,0
DA:292,0
DA:294,0
DA:296,0
DA:299,16
DA:300,32
DA:301,0
DA:303,0
DA:304,0
DA:305,0
DA:307,0
DA:312,0
DA:313,0
DA:324,21
DA:325,21
DA:327,42
DA:328,84
DA:329,21
DA:330,63
DA:331,42
DA:332,21
DA:333,21
DA:334,21
DA:335,21
DA:337,42
DA:338,63
DA:339,21
DA:342,0
DA:347,0
DA:348,0
DA:350,0
DA:352,0
DA:354,0
DA:360,0
DA:362,1
DA:367,1
DA:368,2
DA:370,3
DA:372,1
DA:374,2
DA:375,0
DA:378,1
DA:379,0
DA:380,0
DA:382,0
DA:387,1
DA:388,0
DA:390,0
DA:395,0
DA:401,0
DA:406,0
DA:407,0
DA:409,0
DA:410,0
DA:411,0
DA:418,0
DA:420,0
LF:160
LH:77
end_of_record
TN:
SF:/Users/artem/dev/rust/L2Shablya/l2-core/src/bitmask.rs
FN:19,BitMask::new
FN:27,BitMask::add_mask
FN:39,BitMask::contains_mask
FN:51,BitMask::flags
FNF:4
FNDA:5,BitMask::new
FNDA:82,BitMask::add_mask
FNDA:108,BitMask::contains_mask
FNDA:3,BitMask::flags
DA:19,5
DA:20,10
DA:22,5
DA:27,82
DA:30,246
DA:31,164
DA:32,164
DA:33,246
DA:34,0
DA:39,108
DA:42,324
DA:43,216
DA:44,216
DA:45,216
DA:46,108
DA:47,324
DA:51,3
DA:52,3
LF:18
LH:17
end_of_record
TN:
SF:/Users/artem/dev/rust/L2Shablya/l2-core/src/config/gs.rs
FN:54,default_chars_on_acc
FN:57,default_vitality_max_items_allowed
FN:60,deserialize_hex_to_bigint
FN:68,deserialize_server_type
FN:78,GSServerConfig::get_hosts
FN:84,GSServerConfig::auto_ip_config
FN:121,<impl ServerConfig for GSServerConfig>::load
FN:142,<impl ServerConfig for GSServerConfig>::from_string
FN:147,<impl ServerConfig for GSServerConfig>::runtime
FN:151,<impl ServerConfig for GSServerConfig>::database
FNF:10
FNDA:47,default_chars_on_acc
FNDA:47,default_vitality_max_items_allowed
FNDA:47,deserialize_hex_to_bigint
FNDA:47,deserialize_server_type
FNDA:2,GSServerConfig::get_hosts
FNDA:2,GSServerConfig::auto_ip_config
FNDA:2,<impl ServerConfig for GSServerConfig>::load
FNDA:45,<impl ServerConfig for GSServerConfig>::from_string
FNDA:0,<impl ServerConfig for GSServerConfig>::runtime
FNDA:0,<impl ServerConfig for GSServerConfig>::database
DA:54,47
DA:55,47
DA:57,47
DA:58,47
DA:60,47
DA:64,141
DA:65,0
DA:68,47
DA:72,141
DA:73,0
DA:78,2
DA:79,2
DA:81,18
DA:84,2
DA:86,4
DA:88,218
DA:89,200
DA:90,8
DA:98,2
DA:99,2
DA:102,0
DA:104,0
DA:105,0
DA:107,0
DA:115,0
DA:121,2
DA:122,8
DA:123,0
DA:124,0
DA:125,0
DA:127,0
DA:129,6
DA:130,10
DA:131,0
DA:133,2
DA:134,4
DA:135,2
DA:136,4
DA:137,4
DA:139,2
DA:142,45
DA:143,90
DA:144,45
DA:147,0
DA:148,0
DA:151,0
DA:152,0
LF:47
LH:31
end_of_record
TN:
SF:/Users/artem/dev/rust/L2Shablya/l2-core/src/config/login.rs
FN:24,<impl ServerConfig for LoginServerConfig>::load
FN:37,<impl ServerConfig for LoginServerConfig>::from_string
FN:42,<impl ServerConfig for LoginServerConfig>::runtime
FN:45,<impl ServerConfig for LoginServerConfig>::database
FN:51,validate_allowed_gs_keys
FNF:5
FNDA:3,<impl ServerConfig for LoginServerConfig>::load
FNDA:29,<impl ServerConfig for LoginServerConfig>::from_string
FNDA:0,<impl ServerConfig for LoginServerConfig>::runtime
FNDA:0,<impl ServerConfig for LoginServerConfig>::database
FNDA:31,validate_allowed_gs_keys
DA:24,3
DA:25,13
DA:26,2
DA:27,3
DA:28,2
DA:30,9
DA:31,15
DA:32,0
DA:34,3
DA:35,3
DA:37,29
DA:38,58
DA:39,29
DA:42,0
DA:43,0
DA:45,0
DA:46,0
DA:51,31
DA:56,93
DA:58,31
DA:60,0
DA:61,93
DA:62,31
DA:63,31
DA:64,0
DA:65,0
DA:66,0
DA:71,31
DA:74,0
LF:29
LH:19
end_of_record
TN:
SF:/Users/artem/dev/rust/L2Shablya/l2-core/src/config/traits.rs
FN:9,Loadable::load
FN:10,Loadable::post_load
FN:16,ConfigFileLoader::load
FN:61,ConfigDirLoader::load
FNF:4
FNDA:0,Loadable::load
FNDA:180,Loadable::post_load
FNDA:137,ConfigFileLoader::load
FNDA:97,ConfigDirLoader::load
DA:9,0
DA:10,180
DA:16,137
DA:17,274
DA:18,274
DA:21,137
DA:22,0
DA:23,0
DA:24,0
DA:26,0
DA:28,0
DA:29,0
DA:34,137
DA:35,0
DA:36,0
DA:37,0
DA:38,0
DA:39,0
DA:40,0
DA:41,0
DA:45,0
DA:46,0
DA:47,0
DA:49,0
DA:50,0
DA:61,97
DA:62,194
DA:64,9135
DA:65,97
DA:66,97
DA:67,73315
DA:69,0
DA:70,0
DA:71,0
DA:72,0
DA:73,0
DA:76,194
DA:77,97
LF:38
LH:14
end_of_record
TN:
SF:/Users/artem/dev/rust/L2Shablya/l2-core/src/constants.rs
FN:6,try_get_server_name_by_id
FNF:1
FNDA:2,try_get_server_name_by_id
DA:6,2
DA:7,6
DA:8,2
LF:3
LH:3
end_of_record
TN:
SF:/Users/artem/dev/rust/L2Shablya/l2-core/src/crypt/game.rs
FN:14,GameClientEncryption::new
FN:30,GameClientEncryption::decrypt
FN:49,GameClientEncryption::encrypt
FNF:3
FNDA:2,GameClientEncryption::new
FNDA:3,GameClientEncryption::decrypt
FNDA:3,GameClientEncryption::encrypt
DA:14,2
DA:15,2
DA:16,0
DA:30,3
DA:31,3
DA:32,1
DA:36,4
DA:37,36
DA:43,8
DA:49,3
DA:50,3
DA:51,1
DA:55,4
DA:56,36
DA:62,8
LF:15
LH:14
end_of_record
TN:
SF:/Users/artem/dev/rust/L2Shablya/l2-core/src/crypt/login.rs
FN:12,Encryption::new
FN:18,Encryption::from_u8_key
FN:24,Encryption::try_from_u8_key
FN:29,Encryption::calculate_checksum_block
FN:48,Encryption::verify_checksum
FN:57,Encryption::append_checksum
FN:66,Encryption::enc_xor_pass
FN:95,Encryption::decrypt
FN:106,Encryption::encrypt
FNF:9
FNDA:12,Encryption::new
FNDA:37,Encryption::from_u8_key
FNDA:2,Encryption::try_from_u8_key
FNDA:37,Encryption::calculate_checksum_block
FNDA:2,Encryption::verify_checksum
FNDA:35,Encryption::append_checksum
FNDA:0,Encryption::enc_xor_pass
FNDA:3,Encryption::decrypt
FNDA:34,Encryption::encrypt
DA:12,12
DA:13,24
DA:18,37
DA:19,185
DA:24,2
DA:25,6
DA:29,37
DA:30,111
DA:31,111
DA:32,111
DA:33,74
DA:34,987
DA:35,950
DA:40,913
DA:41,913
DA:44,37
DA:48,2
DA:49,6
DA:50,4
DA:51,0
DA:57,35
DA:58,70
DA:59,70
DA:60,35
DA:61,35
DA:62,35
DA:63,35
DA:66,0
DA:67,0
DA:68,0
DA:69,0
DA:71,0
DA:72,0
DA:73,0
DA:74,0
DA:75,0
DA:77,0
DA:78,0
DA:80,0
DA:81,0
DA:82,0
DA:83,0
DA:85,0
DA:88,0
DA:89,0
DA:90,0
DA:91,0
DA:95,3
DA:96,9
DA:97,6
DA:98,6
DA:99,0
DA:101,50
DA:106,34
DA:107,469
LF:55
LH:33
end_of_record
TN:
SF:/Users/artem/dev/rust/L2Shablya/l2-core/src/crypt/mod.rs
FN:13,generate_blowfish_key
FNF:1
FNDA:12,generate_blowfish_key
DA:13,12
DA:14,36
DA:15,36
DA:16,24
DA:17,252
DA:20,12
LF:6
LH:6
end_of_record
TN:
SF:/Users/artem/dev/rust/L2Shablya/l2-core/src/crypt/rsa.rs
FN:22,RSAPublicKey::new
FN:26,RSAPublicKey::from_modulus
FN:41,RSAPublicKey::encrypt
FN:49,ScrambledRSAKeyPair::new
FN:66,ScrambledRSAKeyPair::get_scrambled_modulus
FN:70,ScrambledRSAKeyPair::get_modulus
FN:74,ScrambledRSAKeyPair::scramble_modulus
FN:106,ScrambledRSAKeyPair::decrypt_data
FN:128,ScrambledRSAKeyPair::from_pem_to_private
FN:143,ScrambledRSAKeyPair::from_pem
FN:152,generate_rsa_key_pair
FNF:11
FNDA:0,RSAPublicKey::new
FNDA:2,RSAPublicKey::from_modulus
FNDA:2,RSAPublicKey::encrypt
FNDA:305,ScrambledRSAKeyPair::new
FNDA:10,ScrambledRSAKeyPair::get_scrambled_modulus
FNDA:21,ScrambledRSAKeyPair::get_modulus
FNDA:305,ScrambledRSAKeyPair::scramble_modulus
FNDA:7,ScrambledRSAKeyPair::decrypt_data
FNDA:5,ScrambledRSAKeyPair::from_pem_to_private
FNDA:5,ScrambledRSAKeyPair::from_pem
FNDA:301,generate_rsa_key_pair
DA:22,0
DA:26,2
DA:28,6
DA:30,4
DA:34,2
DA:35,0
DA:41,2
DA:42,6
DA:43,10
DA:49,305
DA:50,915
DA:51,915
DA:52,915
DA:54,305
DA:55,0
DA:57,305
DA:60,610
DA:61,915
DA:66,10
DA:67,20
DA:70,21
DA:71,42
DA:74,305
DA:75,915
DA:77,915
DA:78,1525
DA:79,305
DA:83,2745
DA:89,39345
DA:94,2745
DA:99,39345
DA:102,305
DA:106,7
DA:107,21
DA:108,21
DA:109,21
DA:110,21
DA:113,21
DA:116,35
DA:117,21
DA:119,20
DA:120,24
DA:121,24
DA:124,14
DA:128,5
DA:130,20
DA:135,0
DA:137,5
DA:143,5
DA:144,15
DA:152,301
DA:153,903
DA:154,602
DA:155,301
DA:156,1505
DA:157,903
DA:158,301
LF:57
LH:53
end_of_record
TN:
SF:/Users/artem/dev/rust/L2Shablya/l2-core/src/data/base_stat.rs
FN:46,BaseStat::con_bonus
FNF:1
FNDA:4,BaseStat::con_bonus
DA:46,4
DA:47,12
DA:48,8
DA:49,4
DA:50,12
LF:5
LH:5
end_of_record
TN:
SF:/Users/artem/dev/rust/L2Shablya/l2-core/src/data/char_template.rs
FN:24,<impl Loadable for ClassTemplates>::post_load
FN:37,<impl LoadFileHandler for ClassTemplates>::for_each
FN:45,ClassTemplates::get_template
FN:54,ClassTemplates::try_get_template
FN:65,ClassTemplates::has_template
FN:70,ClassTemplates::registration_classes
FN:86,ClassTemplates::get_available_templates_for_registration
FN:109,deserialize_lvl_up_gain_data
FN:128,CharTemplate::initialize_character
FN:171,CharTemplate::get_base_max_parameter
FN:187,CharTemplate::get_random_loc
FN:281,BasePDef::total
FN:288,BaseMDef::total
FNF:13
FNDA:52,<impl Loadable for ClassTemplates>::post_load
FNDA:4628,<impl LoadFileHandler for ClassTemplates>::for_each
FNDA:0,ClassTemplates::get_template
FNDA:34,ClassTemplates::try_get_template
FNDA:0,ClassTemplates::has_template
FNDA:53,ClassTemplates::registration_classes
FNDA:1,ClassTemplates::get_available_templates_for_registration
FNDA:4628,deserialize_lvl_up_gain_data
FNDA:2,CharTemplate::initialize_character
FNDA:6,CharTemplate::get_base_max_parameter
FNDA:2,CharTemplate::get_random_loc
FNDA:1,BasePDef::total
FNDA:1,BaseMDef::total
DA:24,52
DA:25,52
DA:26,520
DA:27,468
DA:28,1404
DA:29,0
DA:37,4628
DA:38,13884
DA:45,0
DA:49,0
DA:54,34
DA:59,136
DA:60,0
DA:61,0
DA:62,0
DA:65,0
DA:66,0
DA:67,0
DA:70,53
DA:71,53
DA:72,53
DA:73,53
DA:74,53
DA:75,53
DA:76,53
DA:77,53
DA:78,53
DA:79,53
DA:80,53
DA:86,1
DA:87,1
DA:89,10
DA:90,36
DA:91,9
DA:92,9
DA:93,9
DA:109,4628
DA:116,13884
DA:119,740480
DA:121,0
DA:128,2
DA:133,2
DA:134,6
DA:142,2
DA:143,0
DA:144,2
DA:145,0
DA:146,2
DA:147,0
DA:148,2
DA:149,2
DA:171,6
DA:176,18
DA:178,2
DA:179,2
DA:180,2
DA:183,0
DA:187,2
DA:188,4
DA:189,6
DA:192,0
DA:193,0
DA:281,1
DA:282,1
DA:288,1
DA:289,1
LF:66
LH:50
end_of_record
TN:
SF:/Users/artem/dev/rust/L2Shablya/l2-core/src/data/classes/mapping.rs
FN:16,CharClass::new
FN:32,CharClass::mage
FN:42,CharClass::summoner
FN:52,CharClass::fighter
FN:177,<impl Into for Class>::into
FN:285,<impl TryFrom for Class>::try_from
FN:292,Class::get_root
FN:301,Class::get_class
FN:416,<impl Deserialize for Class>::deserialize
FNF:9
FNDA:0,CharClass::new
FNDA:35,CharClass::mage
FNDA:6,CharClass::summoner
FNDA:53,CharClass::fighter
FNDA:0,<impl Into for Class>::into
FNDA:33,<impl TryFrom for Class>::try_from
FNDA:2,Class::get_root
FNDA:94,Class::get_class
FNDA:12233,<impl Deserialize for Class>::deserialize
DA:16,0
DA:32,35
DA:42,6
DA:52,53
DA:158,0
DA:159,0
DA:165,0
DA:166,0
DA:171,1
DA:172,1
DA:177,0
DA:178,0
DA:184,12358
DA:187,12358
DA:188,235
DA:189,216
DA:190,143
DA:191,143
DA:192,188
DA:193,143
DA:194,143
DA:195,188
DA:196,143
DA:197,143
DA:198,194
DA:199,233
DA:200,143
DA:201,143
DA:202,143
DA:203,188
DA:204,143
DA:205,143
DA:206,188
DA:207,188
DA:208,143
DA:209,143
DA:210,188
DA:211,143
DA:212,143
DA:213,188
DA:214,188
DA:215,143
DA:216,143
DA:217,143
DA:218,143
DA:219,188
DA:220,188
DA:221,143
DA:222,143
DA:223,188
DA:224,143
DA:225,143
DA:226,188
DA:227,188
DA:228,143
DA:229,143
DA:230,143
DA:231,143
DA:232,188
DA:233,143
DA:234,143
DA:235,143
DA:236,143
DA:237,143
DA:238,188
DA:239,143
DA:240,143
DA:241,188
DA:242,143
DA:243,143
DA:244,143
DA:245,143
DA:246,98
DA:247,98
DA:248,98
DA:249,98
DA:250,98
DA:251,98
DA:252,98
DA:253,98
DA:254,98
DA:255,98
DA:256,98
DA:257,98
DA:258,98
DA:259,98
DA:260,98
DA:261,98
DA:262,98
DA:263,98
DA:264,98
DA:265,98
DA:266,98
DA:267,98
DA:268,98
DA:269,98
DA:270,98
DA:271,98
DA:272,98
DA:273,98
DA:274,98
DA:275,98
DA:276,98
DA:277,0
DA:285,33
DA:286,66
DA:292,2
DA:293,2
DA:296,4
DA:301,94
DA:303,94
DA:304,0
DA:305,12
DA:306,4
DA:307,4
DA:308,4
DA:309,4
DA:310,4
DA:311,4
DA:312,4
DA:313,4
DA:314,20
DA:315,4
DA:316,4
DA:317,4
DA:318,4
DA:319,4
DA:320,4
DA:321,4
DA:322,4
DA:323,4
DA:324,4
DA:325,4
DA:326,4
DA:327,4
DA:328,4
DA:329,4
DA:330,4
DA:331,4
DA:333,4
DA:335,4
DA:336,4
DA:337,4
DA:338,4
DA:340,4
DA:342,4
DA:343,4
DA:344,4
DA:345,4
DA:346,4
DA:347,4
DA:348,4
DA:350,4
DA:352,4
DA:353,4
DA:354,4
DA:355,4
DA:356,4
DA:357,4
DA:358,4
DA:359,4
DA:360,4
DA:361,4
DA:362,4
DA:363,4
DA:364,4
DA:365,4
DA:366,4
DA:367,4
DA:368,4
DA:369,4
DA:370,4
DA:371,4
DA:372,4
DA:373,4
DA:374,4
DA:375,4
DA:376,4
DA:377,4
DA:378,4
DA:379,4
DA:380,4
DA:381,4
DA:383,4
DA:385,4
DA:387,4
DA:389,4
DA:391,4
DA:394,4
DA:396,4
DA:398,4
DA:400,4
DA:402,4
DA:404,4
DA:405,4
DA:406,4
DA:407,4
DA:408,4
DA:409,4
DA:410,4
DA:416,12233
DA:420,36699
DA:421,0
DA:422,0
LF:204
LH:193
end_of_record
TN:
SF:/Users/artem/dev/rust/L2Shablya/l2-core/src/data/exp_table.rs
FN:23,<impl Deserialize for ExpTable>::deserialize
FN:71,ExpTable::get_exp
FN:78,ExpTable::get_exp_for_next_lvl
FN:85,ExpTable::get_training_exp
FNF:4
FNDA:45,<impl Deserialize for ExpTable>::deserialize
FNDA:6,ExpTable::get_exp
FNDA:3,ExpTable::get_exp_for_next_lvl
FNDA:0,ExpTable::get_training_exp
DA:23,45
DA:33,135
DA:35,0
DA:36,0
DA:38,7245
DA:39,0
DA:40,0
DA:44,0
DA:45,0
DA:46,0
DA:47,0
DA:48,0
DA:53,0
DA:59,0
DA:60,0
DA:61,0
DA:62,0
DA:65,0
DA:71,6
DA:72,6
DA:73,0
DA:78,3
DA:79,3
DA:80,0
DA:85,0
DA:86,0
DA:87,0
DA:88,0
DA:89,0
DA:90,0
LF:30
LH:7
end_of_record
TN:
SF:/Users/artem/dev/rust/L2Shablya/l2-core/src/data/skill_tree_data.rs
FN:90,TreeSkill::hash
FN:142,deserialize_skills
FN:155,<impl Loadable for SkillTreesData>::post_load
FN:163,<impl LoadFileHandler for SkillTreesData>::for_each
FNF:4
FNDA:626850,TreeSkill::hash
FNDA:4410,deserialize_skills
FNDA:45,<impl Loadable for SkillTreesData>::post_load
FNDA:4410,<impl LoadFileHandler for SkillTreesData>::for_each
DA:90,626850
DA:91,1253700
DA:142,4410
DA:146,13230
DA:147,0
DA:148,1258110
DA:149,0
DA:151,0
DA:155,45
DA:156,45
DA:157,45
DA:163,4410
DA:164,8820
DA:165,4005
DA:168,45
DA:169,45
DA:171,360
LF:17
LH:14
end_of_record
TN:
SF:/Users/artem/dev/rust/L2Shablya/l2-core/src/dto.rs
FN:21,default_idle_timeout
FN:24,default_timeout
FN:27,default_max_lifetime
FN:59,deserialize_ip
FN:67,deserialize_subnet
FNF:5
FNDA:78,default_idle_timeout
FNDA:78,default_timeout
FNDA:78,default_max_lifetime
FNDA:0,deserialize_ip
FNDA:0,deserialize_subnet
DA:21,78
DA:22,78
DA:24,78
DA:25,78
DA:27,78
DA:28,78
DA:59,0
DA:63,0
DA:64,0
DA:67,0
DA:71,0
DA:72,0
LF:12
LH:6
end_of_record
TN:
SF:/Users/artem/dev/rust/L2Shablya/l2-core/src/game_objects/creature/skill.rs
FN:15,Skill::load_for_char
FN:20,Skill::from_model
FNF:2
FNDA:0,Skill::load_for_char
FNDA:0,Skill::from_model
DA:15,0
DA:16,0
DA:20,0
LF:3
LH:0
end_of_record
TN:
SF:/Users/artem/dev/rust/L2Shablya/l2-core/src/game_objects/item/_item.rs
FN:19,<impl From for u8>::from
FN:24,<impl From for u32>::from
FN:30,<impl TryFrom for ItemListType>::try_from
FN:48,ItemObject::from_items
FN:55,ItemObject::get_attribute_attack
FN:60,ItemObject::get_attribute_defence
FN:69,ItemObject::get_attribute_defence_total
FN:74,ItemObject::get_enchant_options
FN:80,ItemObject::get_visual_id
FN:105,ItemObject::get_display_id
FN:110,ItemObject::get_type_2
FN:116,ItemObject::get_custom_type_1
FN:121,ItemObject::get_custom_type_2
FN:126,ItemObject::get_time
FN:132,ItemObject::is_quest_item
FN:137,ItemObject::is_available
FN:142,ItemObject::is_equipped
FN:147,ItemObject::get_location
FN:152,ItemObject::get_body_part
FN:159,ItemObject::calculate_mask
FNF:20
FNDA:0,<impl From for u8>::from
FNDA:0,<impl From for u32>::from
FNDA:0,<impl TryFrom for ItemListType>::try_from
FNDA:33,ItemObject::from_items
FNDA:0,ItemObject::get_attribute_attack
FNDA:0,ItemObject::get_attribute_defence
FNDA:0,ItemObject::get_attribute_defence_total
FNDA:0,ItemObject::get_enchant_options
FNDA:0,ItemObject::get_visual_id
FNDA:0,ItemObject::get_display_id
FNDA:0,ItemObject::get_type_2
FNDA:0,ItemObject::get_custom_type_1
FNDA:0,ItemObject::get_custom_type_2
FNDA:0,ItemObject::get_time
FNDA:0,ItemObject::is_quest_item
FNDA:0,ItemObject::is_available
FNDA:0,ItemObject::is_equipped
FNDA:0,ItemObject::get_location
FNDA:0,ItemObject::get_body_part
FNDA:0,ItemObject::calculate_mask
DA:19,0
DA:20,0
DA:24,0
DA:25,0
DA:30,0
DA:31,0
DA:32,0
DA:33,0
DA:34,0
DA:35,0
DA:36,0
DA:48,33
DA:49,33
DA:51,37
DA:55,0
DA:57,0
DA:60,0
DA:63,0
DA:64,0
DA:65,0
DA:69,0
DA:71,0
DA:74,0
DA:77,0
DA:80,0
DA:81,0
DA:82,0
DA:83,0
DA:84,0
DA:85,0
DA:87,0
DA:88,0
DA:89,0
DA:90,0
DA:91,0
DA:92,0
DA:94,0
DA:98,0
DA:99,0
DA:100,0
DA:105,0
DA:107,0
DA:110,0
DA:113,0
DA:116,0
DA:118,0
DA:121,0
DA:123,0
DA:126,0
DA:129,0
DA:132,0
DA:134,0
DA:137,0
DA:139,0
DA:142,0
DA:144,0
DA:147,0
DA:149,0
DA:152,0
DA:155,0
DA:159,0
DA:161,0
DA:162,0
DA:163,0
DA:165,0
DA:166,0
DA:168,0
DA:169,0
DA:170,0
DA:171,0
DA:175,0
DA:176,0
DA:178,0
LF:73
LH:3
end_of_record
TN:
SF:/Users/artem/dev/rust/L2Shablya/l2-core/src/game_objects/item/attribute.rs
FN:23,AttributeSet::new
FN:29,AttributeSet::add
FN:59,<impl Serialize for AttributeSet>::serialize
FN:76,<impl Deserialize for AttributeSet>::deserialize
FNF:4
FNDA:0,AttributeSet::new
FNDA:0,AttributeSet::add
FNDA:0,<impl Serialize for AttributeSet>::serialize
FNDA:0,<impl Deserialize for AttributeSet>::deserialize
DA:23,0
DA:25,0
DA:29,0
DA:30,0
DA:31,0
DA:32,0
DA:33,0
DA:35,0
DA:36,0
DA:38,0
DA:39,0
DA:41,0
DA:42,0
DA:44,0
DA:45,0
DA:47,0
DA:48,0
DA:51,0
DA:52,0
DA:59,0
DA:64,0
DA:65,0
DA:66,0
DA:67,0
DA:68,0
DA:71,0
DA:76,0
DA:80,0
DA:81,0
DA:83,0
DA:84,0
DA:85,0
DA:89,0
LF:33
LH:0
end_of_record
TN:
SF:/Users/artem/dev/rust/L2Shablya/l2-core/src/game_objects/player/_macro.rs
FN:15,<impl From for MacroType>::from
FN:28,<impl From for u8>::from
FN:46,MacroCommand::get_d1
FN:52,MacroCommand::get_d2
FN:57,MacroCommand::get_cmd_name
FN:62,MacroCommand::get_type
FNF:6
FNDA:0,<impl From for MacroType>::from
FNDA:0,<impl From for u8>::from
FNDA:0,MacroCommand::get_d1
FNDA:0,MacroCommand::get_d2
FNDA:0,MacroCommand::get_cmd_name
FNDA:0,MacroCommand::get_type
DA:15,0
DA:16,0
DA:17,0
DA:18,0
DA:19,0
DA:20,0
DA:21,0
DA:22,0
DA:23,0
DA:28,0
DA:29,0
DA:30,0
DA:31,0
DA:32,0
DA:33,0
DA:34,0
DA:35,0
DA:36,0
DA:46,0
DA:48,0
DA:52,0
DA:54,0
DA:57,0
DA:59,0
DA:62,0
DA:64,0
DA:65,0
DA:66,0
DA:67,0
DA:69,0
LF:30
LH:0
end_of_record
TN:
SF:/Users/artem/dev/rust/L2Shablya/l2-core/src/game_objects/player/_player.rs
FN:31,<impl From for Team>::from
FN:40,<impl From for u8>::from
FN:68,Player::new
FN:104,Player::get_visible_name
FN:109,Player::get_freight_slots
FN:114,Player::get_macros
FN:120,Player::get_henna_empty_slots
FN:127,Player::get_charges
FN:132,Player::get_charged_souls
FN:139,Player::block_all
FN:144,Player::chat_banned
FN:149,Player::silence_mode
FN:154,Player::is_in_instance_zone
FN:189,Player::has_charm_of_courage
FN:195,Player::get_weight_penalty
FN:201,Player::get_expertise_weapon_penalty
FN:208,Player::get_expertise_armor_penalty
FN:215,Player::get_death_penalty
FN:221,Player::get_str
FN:226,Player::get_con
FN:231,Player::get_dex
FN:236,Player::get_men
FN:242,Player::get_int
FN:247,Player::get_wit
FN:253,Player::is_gm
FN:259,Player::is_invincible
FN:264,Player::get_pvp_flag
FN:269,Player::is_noble
FN:274,Player::is_hero
FN:279,Player::get_pledge_type
FN:284,Player::get_pledge_class
FN:290,Player::get_recommendations_left
FN:295,Player::get_recommendations_have
FN:300,Player::is_inside_zone
FN:306,Player::get_clan_crest_large_id
FN:311,Player::get_clan_crest_id
FN:316,Player::get_clan_warehouse_max_limit
FN:322,Player::get_ally_id
FN:327,Player::get_ally_crest_id
FN:332,Player::is_in_matching_room
FN:337,Player::is_clan_leader
FN:342,Player::get_visible_name_length
FN:345,Player::set_party
FN:349,Player::paper_doll_item_id
FN:356,Player::try_get_paper_doll_item_id
FN:365,Player::get_subclasses
FN:370,Player::is_dead
FN:375,Player::get_item
FN:380,Player::get_weapon
FN:387,Player::get_movement_speed_multiplier
FN:392,Player::get_run_speed
FN:397,Player::get_walk_speed
FN:403,Player::is_flying
FN:409,Player::get_cursed_weapon
FN:414,Player::is_running
FN:420,Player::get_swim_run_speed
FN:425,Player::get_swim_walk_speed
FN:430,Player::get_mount_type
FN:435,Player::has_skill
FN:440,Player::has_premium
FN:446,Player::has_inventory_block
FN:451,Player::get_private_store_type
FN:456,Player::get_private_store_sell_limit
FN:461,Player::get_private_store_buy_limit
FN:467,Player::get_dwarf_recipe_limit
FN:472,Player::get_common_recipe_limit
FN:478,Player::get_quest_limit_count
FN:485,Player::get_p_attack
FN:490,Player::get_p_atk_spd
FN:495,Player::get_p_atk_spd_multiplier
FN:500,Player::get_collision_radius
FN:509,Player::get_collision_height
FN:518,Player::get_p_def
FN:523,Player::get_evasion_rate
FN:528,Player::get_accuracy
FN:533,Player::get_critical_hit
FN:538,Player::get_m_atk
FN:543,Player::get_m_atk_spd
FN:548,Player::get_magic_evasion_rate
FN:553,Player::get_m_def
FN:558,Player::get_magic_accuracy
FN:563,Player::get_m_critical_hit
FN:568,Player::get_x
FN:573,Player::get_y
FN:578,Player::get_z
FN:583,Player::get_vehicle_object_id
FN:589,Player::get_weapon_enchant
FN:595,Player::get_min_armor_enchant
FN:600,Player::try_get_race
FN:605,Player::get_paper_doll_object_id
FN:611,Player::get_item_by_slot
FN:620,Player::get_paper_doll_visual_id
FN:623,Player::try_get_paper_doll_visual_id
FN:630,Player::get_enchant_effect
FN:636,Player::get_enchant_effect_as_byte
FN:641,Player::get_hair_style
FN:650,Player::get_hair_color
FN:659,Player::get_face
FN:669,Player::get_max_hp
FN:674,Player::get_max_mp
FN:679,Player::get_max_cp
FN:685,Player::get_delete_timer
FN:697,Player::get_relation
FN:718,Player::get_vitality_used
FN:727,Player::get_vitality_bonus
FN:732,Player::get_teleport_bookmarks
FN:738,Player::get_bookmark_slot
FN:744,Player::is_hair_accessory_enabled
FN:752,Player::get_transform_id
FNF:109
FNDA:0,<impl From for Team>::from
FNDA:1,<impl From for u8>::from
FNDA:33,Player::new
FNDA:2,Player::get_visible_name
FNDA:1,Player::get_freight_slots
FNDA:1,Player::get_macros
FNDA:1,Player::get_henna_empty_slots
FNDA:1,Player::get_charges
FNDA:1,Player::get_charged_souls
FNDA:1,Player::block_all
FNDA:1,Player::chat_banned
FNDA:1,Player::silence_mode
FNDA:1,Player::is_in_instance_zone
FNDA:1,Player::has_charm_of_courage
FNDA:1,Player::get_weight_penalty
FNDA:1,Player::get_expertise_weapon_penalty
FNDA:1,Player::get_expertise_armor_penalty
FNDA:0,Player::get_death_penalty
FNDA:2,Player::get_str
FNDA:2,Player::get_con
FNDA:2,Player::get_dex
FNDA:2,Player::get_men
FNDA:2,Player::get_int
FNDA:2,Player::get_wit
FNDA:4,Player::is_gm
FNDA:2,Player::is_invincible
FNDA:1,Player::get_pvp_flag
FNDA:1,Player::is_noble
FNDA:2,Player::is_hero
FNDA:1,Player::get_pledge_type
FNDA:1,Player::get_pledge_class
FNDA:2,Player::get_recommendations_left
FNDA:2,Player::get_recommendations_have
FNDA:1,Player::is_inside_zone
FNDA:1,Player::get_clan_crest_large_id
FNDA:1,Player::get_clan_crest_id
FNDA:1,Player::get_clan_warehouse_max_limit
FNDA:1,Player::get_ally_id
FNDA:1,Player::get_ally_crest_id
FNDA:1,Player::is_in_matching_room
FNDA:1,Player::is_clan_leader
FNDA:0,Player::get_visible_name_length
FNDA:0,Player::set_party
FNDA:67,Player::paper_doll_item_id
FNDA:67,Player::try_get_paper_doll_item_id
FNDA:1,Player::get_subclasses
FNDA:0,Player::is_dead
FNDA:37,Player::get_item
FNDA:4,Player::get_weapon
FNDA:5,Player::get_movement_speed_multiplier
FNDA:1,Player::get_run_speed
FNDA:1,Player::get_walk_speed
FNDA:2,Player::is_flying
FNDA:1,Player::get_cursed_weapon
FNDA:1,Player::is_running
FNDA:1,Player::get_swim_run_speed
FNDA:1,Player::get_swim_walk_speed
FNDA:1,Player::get_mount_type
FNDA:1,Player::has_skill
FNDA:1,Player::has_premium
FNDA:2,Player::has_inventory_block
FNDA:1,Player::get_private_store_type
FNDA:1,Player::get_private_store_sell_limit
FNDA:1,Player::get_private_store_buy_limit
FNDA:1,Player::get_dwarf_recipe_limit
FNDA:1,Player::get_common_recipe_limit
FNDA:1,Player::get_quest_limit_count
FNDA:1,Player::get_p_attack
FNDA:2,Player::get_p_atk_spd
FNDA:1,Player::get_p_atk_spd_multiplier
FNDA:1,Player::get_collision_radius
FNDA:1,Player::get_collision_height
FNDA:1,Player::get_p_def
FNDA:1,Player::get_evasion_rate
FNDA:1,Player::get_accuracy
FNDA:1,Player::get_critical_hit
FNDA:1,Player::get_m_atk
FNDA:1,Player::get_m_atk_spd
FNDA:1,Player::get_magic_evasion_rate
FNDA:1,Player::get_m_def
FNDA:1,Player::get_magic_accuracy
FNDA:1,Player::get_m_critical_hit
FNDA:1,Player::get_x
FNDA:1,Player::get_y
FNDA:1,Player::get_z
FNDA:1,Player::get_vehicle_object_id
FNDA:1,Player::get_weapon_enchant
FNDA:1,Player::get_min_armor_enchant
FNDA:0,Player::try_get_race
FNDA:37,Player::get_paper_doll_object_id
FNDA:33,Player::get_item_by_slot
FNDA:19,Player::get_paper_doll_visual_id
FNDA:19,Player::try_get_paper_doll_visual_id
FNDA:13,Player::get_enchant_effect
FNDA:2,Player::get_enchant_effect_as_byte
FNDA:5,Player::get_hair_style
FNDA:5,Player::get_hair_color
FNDA:5,Player::get_face
FNDA:4,Player::get_max_hp
FNDA:4,Player::get_max_mp
FNDA:2,Player::get_max_cp
FNDA:3,Player::get_delete_timer
FNDA:4,Player::get_relation
FNDA:4,Player::get_vitality_used
FNDA:1,Player::get_vitality_bonus
FNDA:1,Player::get_teleport_bookmarks
FNDA:1,Player::get_bookmark_slot
FNDA:5,Player::is_hair_accessory_enabled
FNDA:3,Player::get_transform_id
DA:31,0
DA:32,0
DA:33,0
DA:34,0
DA:35,0
DA:40,1
DA:41,1
DA:68,33
DA:73,99
DA:74,66
DA:76,66
DA:83,66
DA:85,99
DA:94,66
DA:97,66
DA:100,33
DA:104,2
DA:105,2
DA:109,1
DA:110,1
DA:114,1
DA:117,1
DA:120,1
DA:122,1
DA:127,1
DA:129,1
DA:132,1
DA:134,1
DA:139,1
DA:141,1
DA:144,1
DA:146,1
DA:149,1
DA:151,1
DA:154,1
DA:186,1
DA:189,1
DA:191,1
DA:195,1
DA:197,1
DA:201,1
DA:203,1
DA:208,1
DA:210,1
DA:215,0
DA:217,0
DA:221,2
DA:223,2
DA:226,2
DA:228,2
DA:231,2
DA:233,2
DA:236,2
DA:238,2
DA:242,2
DA:244,2
DA:247,2
DA:249,2
DA:253,4
DA:255,4
DA:259,2
DA:261,2
DA:264,1
DA:266,1
DA:269,1
DA:271,1
DA:274,2
DA:276,2
DA:279,1
DA:281,1
DA:284,1
DA:286,1
DA:290,2
DA:292,2
DA:295,2
DA:297,2
DA:300,1
DA:302,1
DA:306,1
DA:308,1
DA:311,1
DA:313,1
DA:316,1
DA:318,1
DA:322,1
DA:324,1
DA:327,1
DA:329,1
DA:332,1
DA:333,1
DA:337,1
DA:339,1
DA:342,0
DA:343,0
DA:345,0
DA:346,0
DA:349,67
DA:353,268
DA:356,67
DA:360,201
DA:361,201
DA:365,1
DA:366,1
DA:370,0
DA:371,0
DA:375,37
DA:376,111
DA:380,4
DA:381,12
DA:384,0
DA:387,5
DA:389,5
DA:392,1
DA:394,1
DA:397,1
DA:399,1
DA:403,2
DA:405,2
DA:409,1
DA:411,1
DA:414,1
DA:416,1
DA:420,1
DA:422,1
DA:425,1
DA:427,1
DA:430,1
DA:432,1
DA:435,1
DA:437,1
DA:440,1
DA:442,1
DA:446,2
DA:448,2
DA:451,1
DA:453,1
DA:456,1
DA:458,1
DA:461,1
DA:463,1
DA:467,1
DA:469,1
DA:472,1
DA:474,1
DA:478,1
DA:480,1
DA:485,1
DA:487,1
DA:490,2
DA:492,2
DA:495,1
DA:497,1
DA:500,1
DA:502,1
DA:503,1
DA:505,0
DA:509,1
DA:511,1
DA:512,1
DA:514,0
DA:518,1
DA:520,2
DA:523,1
DA:525,1
DA:528,1
DA:530,1
DA:533,1
DA:535,1
DA:538,1
DA:540,1
DA:543,1
DA:545,1
DA:548,1
DA:550,1
DA:553,1
DA:555,2
DA:558,1
DA:560,1
DA:563,1
DA:565,1
DA:568,1
DA:570,1
DA:573,1
DA:575,1
DA:578,1
DA:580,1
DA:583,1
DA:585,1
DA:589,1
DA:590,3
DA:595,1
DA:597,1
DA:600,0
DA:601,0
DA:605,37
DA:609,148
DA:611,33
DA:615,132
DA:616,0
DA:620,19
DA:621,76
DA:623,19
DA:624,57
DA:625,57
DA:630,13
DA:631,13
DA:636,2
DA:637,8
DA:638,4
DA:641,5
DA:642,5
DA:643,5
DA:644,15
DA:645,5
DA:646,14
DA:650,5
DA:651,5
DA:652,5
DA:653,15
DA:654,5
DA:655,14
DA:659,5
DA:660,5
DA:661,5
DA:662,15
DA:663,5
DA:664,14
DA:669,4
DA:670,4
DA:674,4
DA:675,4
DA:679,2
DA:680,2
DA:685,3
DA:686,4
DA:691,1
DA:694,2
DA:697,4
DA:698,4
DA:699,2
DA:701,0
DA:702,0
DA:705,2
DA:706,0
DA:708,0
DA:709,0
DA:712,0
DA:713,0
DA:718,4
DA:719,4
DA:720,4
DA:721,12
DA:722,4
DA:723,7
DA:727,1
DA:729,1
DA:732,1
DA:735,1
DA:738,1
DA:740,1
DA:744,5
DA:745,5
DA:746,5
DA:747,15
DA:748,5
DA:752,3
DA:753,6
LF:267
LH:241
end_of_record
TN:
SF:/Users/artem/dev/rust/L2Shablya/l2-core/src/game_objects/player/_subclass.rs
FN:17,<impl From for u8>::from
FNF:1
FNDA:1,<impl From for u8>::from
DA:17,1
DA:18,1
LF:2
LH:2
end_of_record
TN:
SF:/Users/artem/dev/rust/L2Shablya/l2-core/src/game_objects/player/appearance.rs
FN:5,Appearance::get_name_color
FN:10,Appearance::get_title_color
FNF:2
FNDA:1,Appearance::get_name_color
FNDA:1,Appearance::get_title_color
DA:5,1
DA:7,1
DA:10,1
DA:12,1
LF:4
LH:4
end_of_record
TN:
SF:/Users/artem/dev/rust/L2Shablya/l2-core/src/game_objects/player/inventory.rs
FN:13,Inventory::from_items
FN:19,Inventory::get_talisman_slots
FN:24,Inventory::get_brooch_jewel_slots
FN:29,Inventory::get_limit
FN:34,Inventory::get_current_load
FN:38,Inventory::get_max_load
FN:42,Inventory::get_adena
FN:46,Inventory::get_size
FN:90,<impl From for u32>::from
FN:95,<impl From for PaperDoll>::from
FNF:10
FNDA:33,Inventory::from_items
FNDA:1,Inventory::get_talisman_slots
FNDA:1,Inventory::get_brooch_jewel_slots
FNDA:2,Inventory::get_limit
FNDA:1,Inventory::get_current_load
FNDA:1,Inventory::get_max_load
FNDA:1,Inventory::get_adena
FNDA:1,Inventory::get_size
FNDA:33,<impl From for u32>::from
FNDA:33,<impl From for PaperDoll>::from
DA:13,33
DA:15,33
DA:19,1
DA:21,1
DA:24,1
DA:26,1
DA:29,2
DA:31,2
DA:34,1
DA:35,1
DA:38,1
DA:39,1
DA:42,1
DA:43,1
DA:46,1
DA:47,1
DA:90,33
DA:91,33
DA:95,33
DA:96,33
DA:97,1
DA:98,1
DA:99,1
DA:100,1
DA:101,1
DA:102,1
DA:103,1
DA:104,1
DA:105,1
DA:106,1
DA:107,1
DA:108,1
DA:109,1
DA:110,2
DA:111,1
DA:112,1
DA:113,1
DA:114,1
DA:115,1
DA:116,1
DA:117,1
DA:118,1
DA:119,1
DA:120,1
DA:121,1
DA:122,1
DA:123,1
DA:124,1
DA:125,1
DA:126,1
DA:127,1
DA:128,1
LF:52
LH:52
end_of_record
TN:
SF:/Users/artem/dev/rust/L2Shablya/l2-core/src/game_objects/player/paper_doll.rs
FN:44,PaperDoll::ordered_ids
FN:83,PaperDoll::visual_ids
FN:97,PaperDoll::restore_visible_inventory
FNF:3
FNDA:3,PaperDoll::ordered_ids
FNDA:3,PaperDoll::visual_ids
FNDA:33,PaperDoll::restore_visible_inventory
DA:44,3
DA:46,6
DA:47,6
DA:48,6
DA:49,6
DA:50,6
DA:51,6
DA:52,6
DA:53,6
DA:54,6
DA:55,6
DA:56,6
DA:57,6
DA:58,6
DA:59,6
DA:60,6
DA:61,6
DA:62,6
DA:63,6
DA:64,6
DA:65,6
DA:66,6
DA:67,6
DA:68,6
DA:69,6
DA:70,6
DA:71,6
DA:72,6
DA:73,6
DA:74,6
DA:75,6
DA:76,6
DA:77,3
DA:78,3
DA:83,3
DA:85,6
DA:86,6
DA:87,6
DA:88,6
DA:89,6
DA:90,6
DA:91,6
DA:92,3
DA:93,3
DA:97,33
DA:98,66
DA:99,37
DA:101,4
DA:102,2
DA:103,2
DA:104,2
DA:105,4
DA:106,2
DA:107,6
DA:108,2
DA:109,5
DA:110,2
DA:111,3
DA:113,2
DA:117,33
LF:60
LH:60
end_of_record
TN:
SF:/Users/artem/dev/rust/L2Shablya/l2-core/src/game_objects/player/party.rs
FN:25,Party::new
FN:34,Party::add_player
FN:39,Party::get_leader
FN:44,Party::get_leader_id
FN:50,Party::get_players
FNF:5
FNDA:0,Party::new
FNDA:0,Party::add_player
FNDA:0,Party::get_leader
FNDA:0,Party::get_leader_id
FNDA:0,Party::get_players
DA:25,0
DA:27,0
DA:28,0
DA:29,0
DA:31,0
DA:34,0
DA:35,0
DA:39,0
DA:40,0
DA:44,0
DA:45,0
DA:46,0
DA:50,0
DA:51,0
LF:14
LH:0
end_of_record
TN:
SF:/Users/artem/dev/rust/L2Shablya/l2-core/src/game_objects/player/quest.rs
FN:12,Quest::get_id
FN:15,Quest::has_state
FN:30,Quest::is_started
FN:34,Quest::is_completed
FN:39,Quest::get_condition_bit_set
FNF:5
FNDA:1,Quest::get_id
FNDA:2,Quest::has_state
FNDA:2,Quest::is_started
FNDA:0,Quest::is_completed
FNDA:1,Quest::get_condition_bit_set
DA:12,1
DA:13,1
DA:15,2
DA:16,6
DA:17,4
DA:18,4
DA:19,6
DA:20,2
DA:21,6
DA:23,2
DA:25,0
DA:30,2
DA:31,6
DA:34,0
DA:35,0
DA:39,1
DA:40,2
DA:41,2
DA:42,1
DA:43,1
DA:44,3
DA:45,1
DA:46,4
DA:48,1
DA:49,0
DA:50,0
DA:51,0
DA:52,0
DA:53,0
DA:58,1
LF:30
LH:22
end_of_record
TN:
SF:/Users/artem/dev/rust/L2Shablya/l2-core/src/game_objects/player/user_info.rs
FN:34,<impl From for u32>::from
FN:42,UserInfoType::all
FN:50,UserInfoType::calculate_block_size
FN:60,UserInfoType::block_size
FNF:4
FNDA:117,<impl From for u32>::from
FNDA:2,UserInfoType::all
FNDA:2,UserInfoType::calculate_block_size
FNDA:25,UserInfoType::block_size
DA:34,117
DA:35,117
DA:42,2
DA:43,4
DA:44,48
DA:47,2
DA:50,2
DA:51,4
DA:52,48
DA:53,25
DA:54,25
DA:57,2
DA:60,25
DA:61,25
DA:62,3
DA:63,2
DA:68,5
DA:69,2
DA:70,1
DA:71,2
DA:72,1
DA:73,1
DA:74,1
DA:75,2
DA:76,1
DA:77,3
DA:78,1
LF:27
LH:27
end_of_record
TN:
SF:/Users/artem/dev/rust/L2Shablya/l2-core/src/game_objects/player/vars.rs
FN:12,CharVariables::as_key
FN:30,QuestVariables::as_key
FNF:2
FNDA:35,CharVariables::as_key
FNDA:3,QuestVariables::as_key
DA:12,35
DA:13,35
DA:14,8
DA:15,8
DA:16,8
DA:17,6
DA:18,5
DA:30,3
DA:31,3
DA:32,2
DA:33,1
DA:34,0
LF:12
LH:11
end_of_record
TN:
SF:/Users/artem/dev/rust/L2Shablya/l2-core/src/game_objects/player/warehouse.rs
FN:11,Warehouse::from_items
FN:16,Warehouse::empty
FN:23,Warehouse::get_limit
FN:28,Warehouse::get_current_load
FN:32,Warehouse::get_max_load
FN:37,Warehouse::get_size
FNF:6
FNDA:0,Warehouse::from_items
FNDA:33,Warehouse::empty
FNDA:1,Warehouse::get_limit
FNDA:0,Warehouse::get_current_load
FNDA:0,Warehouse::get_max_load
FNDA:0,Warehouse::get_size
DA:11,0
DA:13,0
DA:16,33
DA:18,33
DA:23,1
DA:25,1
DA:28,0
DA:29,0
DA:32,0
DA:33,0
DA:37,0
DA:38,0
LF:12
LH:4
end_of_record
TN:
SF:/Users/artem/dev/rust/L2Shablya/l2-core/src/game_objects/race.rs
FN:35,try_from
FN:85,<impl TryFrom for Race>::try_from
FNF:2
FNDA:30,try_from
FNDA:0,<impl TryFrom for Race>::try_from
DA:35,30
DA:39,30
DA:40,1
DA:41,1
DA:42,1
DA:43,1
DA:44,1
DA:45,1
DA:46,1
DA:47,1
DA:48,1
DA:49,1
DA:50,1
DA:51,1
DA:52,1
DA:53,1
DA:54,1
DA:55,1
DA:56,1
DA:57,1
DA:58,1
DA:59,1
DA:60,1
DA:61,1
DA:62,1
DA:63,1
DA:64,1
DA:65,10
DA:71,30
DA:72,60
DA:78,0
DA:79,0
DA:85,0
DA:86,0
LF:34
LH:30
end_of_record
TN:
SF:/Users/artem/dev/rust/L2Shablya/l2-core/src/game_objects/stats/variations.rs
FN:215,Stat::calc
FNF:1
FNDA:0,Stat::calc
DA:215,0
DA:218,0
DA:219,0
DA:220,0
DA:221,0
DA:222,0
DA:223,0
DA:224,0
DA:225,0
DA:226,0
DA:227,0
DA:228,0
DA:229,0
DA:230,0
DA:231,0
DA:232,0
DA:233,0
DA:234,0
DA:235,0
DA:236,0
DA:237,0
DA:238,0
DA:239,0
DA:240,0
DA:241,0
DA:242,0
DA:243,0
DA:244,0
DA:245,0
DA:246,0
DA:247,0
DA:248,0
DA:249,0
DA:250,0
DA:251,0
DA:252,0
DA:253,0
DA:254,0
DA:255,0
DA:256,0
DA:257,0
DA:258,0
DA:259,0
DA:260,0
DA:261,0
DA:262,0
DA:263,0
DA:264,0
DA:265,0
DA:266,0
DA:267,0
DA:268,0
DA:269,0
DA:270,0
DA:271,0
DA:272,0
DA:273,0
DA:274,0
DA:275,0
DA:276,0
DA:277,0
DA:278,0
DA:279,0
DA:280,0
DA:281,0
DA:282,0
DA:283,0
DA:284,0
DA:285,0
DA:286,0
DA:287,0
DA:288,0
DA:289,0
DA:290,0
DA:291,0
DA:292,0
DA:293,0
DA:294,0
DA:295,0
DA:296,0
DA:297,0
DA:298,0
DA:299,0
DA:300,0
DA:301,0
DA:302,0
DA:303,0
DA:304,0
DA:305,0
DA:306,0
DA:307,0
DA:308,0
DA:309,0
DA:310,0
DA:311,0
DA:312,0
DA:313,0
DA:314,0
DA:315,0
DA:316,0
DA:317,0
DA:318,0
DA:319,0
DA:320,0
DA:321,0
DA:322,0
DA:323,0
DA:324,0
DA:325,0
DA:326,0
DA:327,0
DA:328,0
DA:329,0
DA:330,0
DA:331,0
DA:332,0
DA:333,0
DA:334,0
DA:335,0
DA:336,0
DA:337,0
DA:338,0
DA:339,0
DA:340,0
DA:341,0
DA:342,0
DA:343,0
DA:344,0
DA:345,0
DA:346,0
DA:347,0
DA:348,0
DA:349,0
DA:350,0
DA:351,0
DA:352,0
DA:353,0
DA:354,0
DA:355,0
DA:356,0
DA:357,0
DA:358,0
DA:359,0
DA:360,0
DA:361,0
DA:362,0
DA:363,0
DA:364,0
DA:365,0
DA:366,0
DA:367,0
DA:368,0
DA:369,0
DA:370,0
DA:371,0
DA:372,0
DA:373,0
DA:374,0
DA:375,0
DA:376,0
DA:377,0
DA:378,0
DA:379,0
DA:380,0
DA:381,0
DA:382,0
DA:383,0
DA:384,0
DA:385,0
DA:386,0
DA:387,0
DA:388,0
DA:389,0
DA:390,0
DA:391,0
DA:392,0
DA:393,0
DA:394,0
DA:395,0
DA:396,0
LF:180
LH:0
end_of_record
TN:
SF:/Users/artem/dev/rust/L2Shablya/l2-core/src/game_objects/zone.rs
FN:24,Location::spawn
FNF:1
FNDA:0,Location::spawn
DA:24,0
DA:25,0
DA:26,0
DA:27,0
DA:28,0
DA:30,0
DA:31,0
DA:32,0
DA:33,0
DA:35,0
DA:36,0
DA:37,0
LF:12
LH:0
end_of_record
TN:
SF:/Users/artem/dev/rust/L2Shablya/l2-core/src/lib.rs
FN:27,hash_password
FNF:1
FNDA:2,hash_password
DA:27,2
DA:28,3
DA:29,2
DA:30,3
DA:31,2
DA:34,2
DA:35,4
DA:36,1
DA:37,1
DA:39,1
DA:40,1
LF:11
LH:11
end_of_record
TN:
SF:/Users/artem/dev/rust/L2Shablya/l2-core/src/network/connection.rs
FN:21,<impl Debug for HandleIncomingPacket>::fmt
FN:50,ConnectionActor<T>::new
FN:69,ConnectionActor<T>::read_packet
FN:97,<impl Actor for ConnectionActor<T>>::on_start
FN:172,<impl Actor for ConnectionActor<T>>::on_stop
FN:190,<impl Message for ConnectionActor<T>>::handle
FN:217,send_packet
FN:240,send_packet_blocking
FN:267,send_delayed_packet
FNF:9
FNDA:0,<impl Debug for HandleIncomingPacket>::fmt
FNDA:53,ConnectionActor<T>::new
FNDA:53,ConnectionActor<T>::read_packet
FNDA:106,<impl Actor for ConnectionActor<T>>::on_start
FNDA:2,<impl Actor for ConnectionActor<T>>::on_stop
FNDA:61,<impl Message for ConnectionActor<T>>::handle
FNDA:8,send_packet
FNDA:53,send_packet_blocking
FNDA:0,send_delayed_packet
DA:21,0
DA:22,0
DA:50,53
DA:61,106
DA:62,106
DA:69,53
DA:72,106
DA:73,212
DA:75,0
DA:77,0
DA:78,0
DA:79,0
DA:82,0
DA:84,0
DA:85,0
DA:86,0
DA:87,0
DA:97,106
DA:98,265
DA:99,159
DA:100,53
DA:101,265
DA:102,159
DA:103,159
DA:104,159
DA:105,106
DA:106,159
DA:107,159
DA:108,0
DA:109,114
DA:110,228
DA:111,2
DA:112,2
DA:116,289
DA:117,244
DA:118,0
DA:119,0
DA:122,0
DA:125,2
DA:126,4
DA:127,0
DA:128,0
DA:131,159
DA:133,149
DA:134,43
DA:136,106
DA:137,106
DA:138,159
DA:139,159
DA:140,0
DA:141,53
DA:142,106
DA:143,2
DA:144,2
DA:147,212
DA:148,0
DA:149,0
DA:150,0
DA:151,0
DA:153,0
DA:154,0
DA:155,0
DA:157,0
DA:158,0
DA:164,2
DA:165,0
DA:167,2
DA:169,106
DA:170,53
DA:172,2
DA:177,4
DA:178,0
DA:180,2
DA:181,2
DA:190,61
DA:195,122
DA:196,0
DA:197,0
DA:198,0
DA:199,0
DA:201,0
DA:204,183
DA:207,0
DA:209,61
DA:217,8
DA:224,16
DA:225,0
DA:226,0
DA:227,0
DA:229,0
DA:230,8
DA:232,0
DA:240,53
DA:247,106
DA:248,53
DA:249,0
DA:250,0
DA:251,0
DA:253,0
DA:254,53
DA:255,53
DA:256,0
DA:259,0
DA:267,0
DA:275,0
DA:276,0
DA:277,0
DA:278,0
DA:280,0
DA:281,0
DA:283,0
LF:111
LH:57
end_of_record
TN:
SF:/Users/artem/dev/rust/L2Shablya/l2-core/src/network/connector.rs
FN:20,Connector::run
FNF:1
FNDA:0,Connector::run
DA:20,0
DA:26,0
DA:27,0
DA:28,0
DA:30,0
DA:31,0
DA:32,0
DA:33,0
DA:34,0
DA:35,0
DA:36,0
DA:37,0
DA:38,0
DA:39,0
DA:40,0
DA:41,0
DA:42,0
DA:43,0
DA:45,0
DA:46,0
DA:47,0
DA:48,0
DA:49,0
LF:23
LH:0
end_of_record
TN:
SF:/Users/artem/dev/rust/L2Shablya/l2-core/src/network/listener.rs
FN:14,to_ipv4
FN:23,ConnectionListener::run
FN:58,bind_addr
FNF:3
FNDA:0,to_ipv4
FNDA:0,ConnectionListener::run
FNDA:1,bind_addr
DA:14,0
DA:15,0
DA:16,0
DA:17,0
DA:23,0
DA:28,0
DA:29,0
DA:30,0
DA:32,0
DA:33,0
DA:34,0
DA:35,0
DA:36,0
DA:37,0
DA:38,0
DA:39,0
DA:40,0
DA:41,0
DA:43,0
DA:44,0
DA:47,0
DA:48,0
DA:49,0
DA:58,1
DA:59,5
DA:61,2
DA:62,1
DA:67,1
DA:68,0
DA:69,1
DA:70,1
DA:71,1
DA:72,2
LF:33
LH:9
end_of_record
TN:
SF:/Users/artem/dev/rust/L2Shablya/l2-core/src/network/mod.rs
FN:8,encrypt_internal_packet
FNF:1
FNDA:34,encrypt_internal_packet
DA:8,34
DA:9,102
DA:10,68
DA:11,102
LF:4
LH:4
end_of_record
TN:
SF:/Users/artem/dev/rust/L2Shablya/l2-core/src/session.rs
FN:14,SessionKey::new
FN:24,SessionKey::check_session
FN:28,SessionKey::equals
FN:37,SessionKey::get_play_session_id
FNF:4
FNDA:25,SessionKey::new
FNDA:3,SessionKey::check_session
FNDA:5,SessionKey::equals
FNDA:3,SessionKey::get_play_session_id
DA:14,25
DA:15,50
DA:17,75
DA:18,75
DA:19,75
DA:20,25
DA:24,3
DA:25,5
DA:28,5
DA:29,13
DA:30,5
DA:31,7
DA:33,2
DA:37,3
DA:38,3
LF:15
LH:15
end_of_record
TN:
SF:/Users/artem/dev/rust/L2Shablya/l2-core/src/shared_packets/common.rs
FN:70,ServerData::get_ip_octets
FN:91,<impl FromStr for ServerType>::from_str
FN:121,GSLoginFailReasons::from_u8
FN:193,<impl ReadablePacket for GSLoginFail>::read
FN:209,GSLoginFail::new
FN:217,GSLoginFail::write_all
FN:232,PlayerLoginFail::new
FN:240,PlayerLoginFail::write_all
FN:261,GSStatus::from_opcode
FNF:9
FNDA:2,ServerData::get_ip_octets
FNDA:47,<impl FromStr for ServerType>::from_str
FNDA:0,GSLoginFailReasons::from_u8
FNDA:0,<impl ReadablePacket for GSLoginFail>::read
FNDA:3,GSLoginFail::new
FNDA:3,GSLoginFail::write_all
FNDA:5,PlayerLoginFail::new
FNDA:5,PlayerLoginFail::write_all
FNDA:1,GSStatus::from_opcode
DA:70,2
DA:71,4
DA:91,47
DA:92,47
DA:93,94
DA:94,0
DA:95,0
DA:96,0
DA:97,0
DA:98,0
DA:99,0
DA:100,0
DA:121,0
DA:122,0
DA:123,0
DA:124,0
DA:125,0
DA:126,0
DA:127,0
DA:128,0
DA:129,0
DA:130,0
DA:131,0
DA:193,0
DA:197,0
DA:198,0
DA:199,0
DA:202,0
DA:209,3
DA:211,3
DA:214,6
DA:215,3
DA:217,3
DA:218,9
DA:219,3
DA:220,3
DA:232,5
DA:234,5
DA:237,10
DA:238,5
DA:240,5
DA:241,15
DA:242,5
DA:243,5
DA:261,1
DA:262,1
DA:263,1
DA:264,0
DA:265,0
DA:266,0
DA:267,0
DA:268,0
DA:269,0
LF:53
LH:24
end_of_record
TN:
SF:/Users/artem/dev/rust/L2Shablya/l2-core/src/shared_packets/gs_2_ls/access_level.rs
FN:19,<impl ReadablePacket for ChangeAL>::read
FNF:1
FNDA:1,<impl ReadablePacket for ChangeAL>::read
DA:19,1
DA:20,3
DA:21,2
DA:23,1
DA:24,0
DA:25,1
LF:6
LH:5
end_of_record
TN:
SF:/Users/artem/dev/rust/L2Shablya/l2-core/src/shared_packets/gs_2_ls/auth.rs
FN:26,RequestAuthGS::new
FN:41,RequestAuthGS::write_all
FN:63,<impl ReadablePacket for RequestAuthGS>::read
FNF:3
FNDA:1,RequestAuthGS::new
FNDA:2,RequestAuthGS::write_all
FNDA:1,<impl ReadablePacket for RequestAuthGS>::read
DA:26,1
DA:28,2
DA:29,2
DA:30,2
DA:31,2
DA:32,2
DA:33,2
DA:34,3
DA:35,1
DA:37,2
DA:38,1
DA:41,2
DA:42,4
DA:43,2
DA:44,2
DA:45,2
DA:46,2
DA:47,2
DA:48,2
DA:49,2
DA:50,2
DA:51,6
DA:52,6
DA:54,2
DA:63,1
DA:64,4
DA:65,2
DA:66,2
DA:67,1
DA:68,1
DA:69,1
DA:70,1
DA:71,1
DA:72,1
DA:73,0
DA:74,2
LF:36
LH:35
end_of_record
TN:
SF:/Users/artem/dev/rust/L2Shablya/l2-core/src/shared_packets/gs_2_ls/blowfish.rs
FN:16,BlowFish::new
FN:27,BlowFish::write_all
FN:39,<impl ReadablePacket for BlowFish>::read
FNF:3
FNDA:5,BlowFish::new
FNDA:5,BlowFish::write_all
FNDA:1,<impl ReadablePacket for BlowFish>::read
DA:16,5
DA:18,5
DA:21,10
DA:23,5
DA:27,5
DA:28,10
DA:29,5
DA:30,5
DA:31,5
DA:39,1
DA:40,3
DA:41,2
DA:42,2
DA:45,1
LF:14
LH:14
end_of_record
TN:
SF:/Users/artem/dev/rust/L2Shablya/l2-core/src/shared_packets/gs_2_ls/change_password.rs
FN:21,<impl ReadablePacket for ChangePassword>::read
FNF:1
FNDA:1,<impl ReadablePacket for ChangePassword>::read
DA:21,1
DA:22,3
DA:23,2
DA:25,1
DA:26,0
DA:27,1
DA:28,1
DA:29,1
LF:8
LH:7
end_of_record
TN:
SF:/Users/artem/dev/rust/L2Shablya/l2-core/src/shared_packets/gs_2_ls/gs_status.rs
FN:29,GSStatusUpdate::new
FN:46,GSStatusUpdate::write_all
FN:72,<impl ReadablePacket for GSStatusUpdate>::read
FNF:3
FNDA:2,GSStatusUpdate::new
FNDA:2,GSStatusUpdate::write_all
FNDA:1,<impl ReadablePacket for GSStatusUpdate>::read
DA:29,2
DA:31,2
DA:32,2
DA:37,2
DA:38,2
DA:39,2
DA:40,2
DA:42,4
DA:43,2
DA:46,2
DA:47,4
DA:48,2
DA:58,0
DA:59,32
DA:60,30
DA:61,10
DA:63,2
DA:72,1
DA:73,3
DA:74,2
DA:75,2
DA:78,15
DA:79,5
DA:83,2
DA:87,1
DA:88,1
DA:90,1
DA:91,1
DA:93,1
DA:94,1
DA:96,1
DA:97,1
DA:99,0
DA:102,1
LF:34
LH:32
end_of_record
TN:
SF:/Users/artem/dev/rust/L2Shablya/l2-core/src/shared_packets/gs_2_ls/player_auth_request.rs
FN:19,PlayerAuthRequest::new
FN:38,<impl ReadablePacket for PlayerAuthRequest>::read
FNF:2
FNDA:4,PlayerAuthRequest::new
FNDA:0,<impl ReadablePacket for PlayerAuthRequest>::read
DA:19,4
DA:21,12
DA:23,4
DA:25,8
DA:26,4
DA:27,4
DA:28,4
DA:29,4
DA:30,4
DA:31,4
DA:38,0
DA:39,0
DA:40,0
DA:41,0
DA:42,0
DA:43,0
DA:44,0
DA:45,0
LF:18
LH:10
end_of_record
TN:
SF:/Users/artem/dev/rust/L2Shablya/l2-core/src/shared_packets/gs_2_ls/player_in_game.rs
FN:18,PlayerInGame::new
FN:29,PlayerInGame::write_all
FN:43,<impl ReadablePacket for PlayerInGame>::read
FNF:3
FNDA:5,PlayerInGame::new
FNDA:5,PlayerInGame::write_all
FNDA:1,<impl ReadablePacket for PlayerInGame>::read
DA:18,5
DA:20,10
DA:21,5
DA:23,10
DA:24,5
DA:29,5
DA:30,10
DA:31,5
DA:32,21
DA:33,24
DA:35,5
DA:43,1
DA:44,3
DA:45,2
DA:46,2
DA:49,6
DA:52,1
DA:53,1
DA:54,1
LF:19
LH:19
end_of_record
TN:
SF:/Users/artem/dev/rust/L2Shablya/l2-core/src/shared_packets/gs_2_ls/player_logout.rs
FN:15,PlayerLogout::new
FN:29,<impl ReadablePacket for PlayerLogout>::read
FNF:2
FNDA:4,PlayerLogout::new
FNDA:1,<impl ReadablePacket for PlayerLogout>::read
DA:15,4
DA:17,8
DA:18,4
DA:20,8
DA:21,4
DA:22,4
DA:29,1
DA:30,3
DA:31,2
DA:32,2
LF:10
LH:10
end_of_record
TN:
SF:/Users/artem/dev/rust/L2Shablya/l2-core/src/shared_packets/gs_2_ls/player_tracert.rs
FN:22,PlayerTracert::new
FN:55,<impl ReadablePacket for PlayerTracert>::read
FNF:2
FNDA:0,PlayerTracert::new
FNDA:1,<impl ReadablePacket for PlayerTracert>::read
DA:22,0
DA:37,0
DA:39,0
DA:40,0
DA:41,0
DA:42,0
DA:43,0
DA:44,0
DA:45,0
DA:46,0
DA:55,1
DA:56,3
DA:57,2
DA:58,2
DA:59,1
DA:60,1
DA:61,1
DA:62,1
DA:63,1
LF:19
LH:9
end_of_record
TN:
SF:/Users/artem/dev/rust/L2Shablya/l2-core/src/shared_packets/gs_2_ls/reply_chars.rs
FN:21,ReplyChars::new
FN:52,<impl ReadablePacket for ReplyChars>::read
FNF:2
FNDA:1,ReplyChars::new
FNDA:1,<impl ReadablePacket for ReplyChars>::read
DA:21,1
DA:22,2
DA:23,5
DA:24,1
DA:29,2
DA:31,2
DA:32,1
DA:35,2
DA:36,1
DA:37,0
DA:38,1
DA:39,1
DA:40,3
DA:41,3
DA:43,1
DA:52,1
DA:53,3
DA:54,2
DA:55,2
DA:56,1
DA:57,1
DA:60,4
DA:62,1
DA:63,1
DA:64,1
DA:65,1
DA:66,1
DA:67,1
LF:28
LH:27
end_of_record
TN:
SF:/Users/artem/dev/rust/L2Shablya/l2-core/src/shared_packets/gs_2_ls/request_temp_ban.rs
FN:19,<impl ReadablePacket for RequestTempBan>::read
FNF:1
FNDA:1,<impl ReadablePacket for RequestTempBan>::read
DA:19,1
DA:20,3
DA:21,2
DA:23,1
DA:24,0
DA:25,1
DA:26,1
LF:7
LH:6
end_of_record
TN:
SF:/Users/artem/dev/rust/L2Shablya/l2-core/src/shared_packets/ls_2_gs/auth_gs.rs
FN:17,AuthGS::new
FN:26,AuthGS::write_all
FN:39,<impl ReadablePacket for AuthGS>::read
FNF:3
FNDA:4,AuthGS::new
FNDA:4,AuthGS::write_all
FNDA:1,<impl ReadablePacket for AuthGS>::read
DA:17,4
DA:19,8
DA:23,4
DA:24,4
DA:26,4
DA:27,8
DA:28,4
DA:29,4
DA:30,0
DA:31,4
DA:39,1
DA:40,3
DA:41,3
DA:42,1
DA:43,1
LF:15
LH:14
end_of_record
TN:
SF:/Users/artem/dev/rust/L2Shablya/l2-core/src/shared_packets/ls_2_gs/init_ls.rs
FN:18,InitLS::new
FN:27,InitLS::write_all
FN:41,<impl ReadablePacket for InitLS>::read
FNF:3
FNDA:21,InitLS::new
FNDA:21,InitLS::write_all
FNDA:1,<impl ReadablePacket for InitLS>::read
DA:18,21
DA:20,21
DA:24,21
DA:25,21
DA:27,21
DA:28,63
DA:29,21
DA:31,21
DA:32,21
DA:33,21
DA:41,1
DA:42,3
DA:43,3
DA:44,1
DA:45,1
DA:47,1
LF:16
LH:16
end_of_record
TN:
SF:/Users/artem/dev/rust/L2Shablya/l2-core/src/shared_packets/ls_2_gs/kick_player.rs
FN:15,KickPlayer::new
FN:24,KickPlayer::write_all
FN:36,<impl ReadablePacket for KickPlayer>::read
FNF:3
FNDA:1,KickPlayer::new
FNDA:1,KickPlayer::write_all
FNDA:1,<impl ReadablePacket for KickPlayer>::read
DA:15,1
DA:17,2
DA:18,1
DA:20,1
DA:21,1
DA:24,1
DA:25,2
DA:26,1
DA:27,0
DA:28,1
DA:36,1
DA:37,3
DA:38,2
DA:39,2
LF:14
LH:13
end_of_record
TN:
SF:/Users/artem/dev/rust/L2Shablya/l2-core/src/shared_packets/ls_2_gs/player_auth_response.rs
FN:17,PlayerAuthResponse::new
FN:26,PlayerAuthResponse::write_all
FN:38,<impl ReadablePacket for PlayerAuthResponse>::read
FNF:3
FNDA:5,PlayerAuthResponse::new
FNDA:5,PlayerAuthResponse::write_all
FNDA:1,<impl ReadablePacket for PlayerAuthResponse>::read
DA:17,5
DA:19,10
DA:20,10
DA:23,5
DA:24,5
DA:26,5
DA:27,10
DA:28,5
DA:29,5
DA:30,5
DA:38,1
DA:39,3
DA:40,3
DA:41,1
DA:42,1
LF:15
LH:15
end_of_record
TN:
SF:/Users/artem/dev/rust/L2Shablya/l2-core/src/shared_packets/ls_2_gs/request_chars.rs
FN:16,RequestChars::new
FN:24,RequestChars::write_all
FN:36,<impl ReadablePacket for RequestChars>::read
FNF:3
FNDA:3,RequestChars::new
FNDA:3,RequestChars::write_all
FNDA:1,<impl ReadablePacket for RequestChars>::read
DA:16,3
DA:18,6
DA:19,3
DA:21,3
DA:22,3
DA:24,3
DA:25,6
DA:26,3
DA:27,0
DA:28,3
DA:36,1
DA:37,3
DA:38,2
DA:39,2
LF:14
LH:13
end_of_record
TN:
SF:/Users/artem/dev/rust/L2Shablya/l2-core/src/shared_packets/read.rs
FN:14,ReadablePacketBuffer::new
FN:19,ReadablePacketBuffer::check_and_advance
FN:33,ReadablePacketBuffer::read_boolean
FN:39,ReadablePacketBuffer::read_c_utf16le_string
FN:61,ReadablePacketBuffer::read_n_strings
FN:68,ReadablePacketBuffer::read_sized_string
FN:78,ReadablePacketBuffer::read_bytes
FN:85,ReadablePacketBuffer::read_byte
FN:97,ReadablePacketBuffer::read_i16
FN:109,ReadablePacketBuffer::read_u16
FN:121,ReadablePacketBuffer::read_i32
FN:133,ReadablePacketBuffer::read_u32
FN:145,ReadablePacketBuffer::read_i64
FN:158,ReadablePacketBuffer::read_f32
FN:165,ReadablePacketBuffer::read_f64
FN:170,ReadablePacketBuffer::get_remaining_length
FN:175,ReadablePacketBuffer::get_length
FNF:17
FNDA:23,ReadablePacketBuffer::new
[...]
DA:8,0
DA:9,0
DA:11,0
DA:14,0
DA:15,0
DA:18,0
LF:7
LH:0
end_of_record
TN:
SF:/Users/artem/dev/rust/L2Shablya/login/src/controller/data.rs
FN:23,LoginController::new
FN:34,LoginController::get_config
FN:38,LoginController::get_game_server
FN:41,LoginController::get_random_rsa_key_pair
FN:50,LoginController::generate_rsa_key_pairs
FNF:5
FNDA:30,LoginController::new
FNDA:36,LoginController::get_config
FNDA:1,LoginController::get_game_server
FNDA:31,LoginController::get_random_rsa_key_pair
FNDA:30,LoginController::generate_rsa_key_pairs
DA:23,30
DA:24,30
DA:26,60
DA:28,60
DA:29,60
DA:30,30
DA:31,30
DA:34,36
DA:35,36
DA:38,1
DA:39,4
DA:41,31
DA:42,62
DA:43,155
DA:45,93
DA:46,62
DA:50,30
DA:51,90
DA:52,330
DA:53,300
DA:54,300
DA:55,300
DA:57,30
DA:58,30
LF:24
LH:24
end_of_record
TN:
SF:/Users/artem/dev/rust/L2Shablya/login/src/controller/gs_management.rs
FN:7,LoginController::get_server_list
FN:27,LoginController::with_gs
FN:38,LoginController::generate_sequential_key
FN:43,LoginController::register_gs
FN:60,LoginController::remove_gs
FNF:5
FNDA:2,LoginController::get_server_list
FNDA:1,LoginController::with_gs
FNDA:0,LoginController::generate_sequential_key
FNDA:8,LoginController::register_gs
FNDA:1,LoginController::remove_gs
DA:7,2
DA:8,4
DA:9,6
DA:24,2
DA:27,1
DA:31,3
DA:32,0
DA:33,0
DA:35,0
DA:38,0
DA:39,0
DA:40,0
DA:41,0
DA:43,8
DA:44,24
DA:45,16
DA:47,0
DA:50,8
DA:51,2
DA:52,0
DA:60,1
DA:61,3
LF:22
LH:13
end_of_record
TN:
SF:/Users/artem/dev/rust/L2Shablya/login/src/controller/player_management.rs
FN:15,LoginController::on_player_login
FN:44,LoginController::check_player_in_game
FN:66,LoginController::on_player_logout
FN:71,LoginController::get_player
FN:74,LoginController::with_player
FN:84,LoginController::remove_player
FN:99,LoginController::remove_all_gs_players
FN:111,LoginController::on_players_in_game
FN:131,LoginController::generate_session_id
FNF:9
FNDA:2,LoginController::on_player_login
FNDA:2,LoginController::check_player_in_game
FNDA:2,LoginController::on_player_logout
FNDA:6,LoginController::get_player
FNDA:10,LoginController::with_player
FNDA:4,LoginController::remove_player
FNDA:1,LoginController::remove_all_gs_players
FNDA:4,LoginController::on_players_in_game
FNDA:11,LoginController::generate_session_id
DA:15,2
DA:19,6
DA:20,6
DA:21,2
DA:24,2
DA:25,0
DA:26,0
DA:27,0
DA:28,0
DA:40,2
DA:44,2
DA:48,4
DA:50,0
DA:51,0
DA:54,0
DA:57,0
DA:58,0
DA:61,0
DA:63,2
DA:66,2
DA:67,2
DA:68,6
DA:71,6
DA:72,30
DA:74,10
DA:78,23
DA:79,0
DA:81,7
DA:84,4
DA:85,10
DA:86,0
DA:89,0
DA:90,0
DA:91,0
DA:99,1
DA:100,3
DA:101,1
DA:103,3
DA:104,3
DA:106,3
DA:111,4
DA:112,14
DA:113,0
DA:114,0
DA:115,0
DA:116,0
DA:118,5
DA:120,5
DA:121,5
DA:126,5
DA:131,11
DA:135,22
DA:136,22
LF:53
LH:34
end_of_record
TN:
SF:/Users/artem/dev/rust/L2Shablya/login/src/controller/security.rs
FN:6,LoginController::update_ip_ban_list
FN:12,<impl IpBan for LoginController>::is_ip_banned
FNF:2
FNDA:1,LoginController::update_ip_ban_list
FNDA:0,<impl IpBan for LoginController>::is_ip_banned
DA:6,1
DA:7,2
DA:8,5
DA:12,0
DA:13,0
DA:16,0
DA:20,0
LF:7
LH:3
end_of_record
TN:
SF:/Users/artem/dev/rust/L2Shablya/login/src/dto/game_server.rs
FN:33,GSInfo::new
FN:66,GSInfo::get_host_ip
FN:74,GSInfo::hex
FN:77,GSInfo::hex_int
FN:81,GSInfo::get_id
FN:84,GSInfo::accept_alternative_id
FN:87,GSInfo::is_host_reserved
FN:90,GSInfo::get_port
FN:93,GSInfo::is_authed
FN:96,GSInfo::get_status
FN:99,GSInfo::is_pvp
FN:102,GSInfo::get_server_type
FN:105,GSInfo::get_age_limit
FN:108,GSInfo::show_brackets
FN:111,GSInfo::get_max_players
FN:114,GSInfo::set_max_players
FN:117,GSInfo::set_age_limit
FN:120,GSInfo::use_square_brackets
FN:123,GSInfo::set_server_type
FN:126,GSInfo::set_server_status
FN:129,GSInfo::get_hex_id
FN:132,GSInfo::get_hosts
FN:145,GSInfo::validate_server_hosts
FNF:23
FNDA:8,GSInfo::new
FNDA:2,GSInfo::get_host_ip
FNDA:0,GSInfo::hex
FNDA:8,GSInfo::hex_int
FNDA:25,GSInfo::get_id
FNDA:1,GSInfo::accept_alternative_id
FNDA:0,GSInfo::is_host_reserved
FNDA:2,GSInfo::get_port
FNDA:0,GSInfo::is_authed
FNDA:2,GSInfo::get_status
FNDA:2,GSInfo::is_pvp
FNDA:2,GSInfo::get_server_type
FNDA:2,GSInfo::get_age_limit
FNDA:2,GSInfo::show_brackets
FNDA:2,GSInfo::get_max_players
FNDA:1,GSInfo::set_max_players
FNDA:1,GSInfo::set_age_limit
FNDA:1,GSInfo::use_square_brackets
FNDA:1,GSInfo::set_server_type
FNDA:1,GSInfo::set_server_status
FNDA:0,GSInfo::get_hex_id
FNDA:0,GSInfo::get_hosts
FNDA:12,GSInfo::validate_server_hosts
DA:33,8
DA:48,24
DA:66,2
DA:67,6
DA:68,6
DA:69,0
DA:72,2
DA:74,0
DA:75,0
DA:77,8
DA:78,16
DA:81,25
DA:82,25
DA:84,1
DA:85,1
DA:87,0
DA:88,0
DA:90,2
DA:91,2
DA:93,0
DA:94,0
DA:96,2
DA:97,2
DA:99,2
DA:100,2
DA:102,2
DA:103,6
DA:105,2
DA:106,2
DA:108,2
DA:109,2
DA:111,2
DA:112,2
DA:114,1
DA:115,1
DA:117,1
DA:118,1
DA:120,1
DA:121,1
DA:123,1
DA:124,1
DA:126,1
DA:127,1
DA:129,0
DA:130,0
DA:132,0
DA:133,0
DA:145,12
DA:150,24
DA:151,36
DA:153,0
DA:155,42
DA:156,11
DA:157,1
DA:159,2
DA:162,11
DA:163,11
DA:164,0
DA:165,2
DA:169,0
DA:171,9
LF:61
LH:47
end_of_record
TN:
SF:/Users/artem/dev/rust/L2Shablya/login/src/enums.rs
FN:15,GS::transition_to
FNF:1
FNDA:12,GS::transition_to
DA:15,12
DA:16,24
DA:17,4
DA:18,4
DA:19,2
DA:21,4
DA:22,2
DA:25,10
LF:8
LH:8
end_of_record
TN:
SF:/Users/artem/dev/rust/L2Shablya/login/src/gs_client.rs
FN:43,GameServerClient::new
FN:57,GameServerClient::set_connection_state
FN:65,GameServerClient::set_blowfish_key
FN:69,GameServerClient::try_get_server_id
FN:82,<impl Actor for GameServerClient>::on_start
FN:104,<impl Actor for GameServerClient>::on_panic
FN:116,<impl Actor for GameServerClient>::on_link_died
FN:124,<impl Actor for GameServerClient>::on_stop
FN:152,<impl Message for GameServerClient>::handle
FN:167,<impl ServerToServer for GameServerClient>::get_packet_sender
FN:171,<impl ServerToServer for GameServerClient>::get_blowfish
FNF:11
FNDA:19,GameServerClient::new
FNDA:24,GameServerClient::set_connection_state
FNDA:2,GameServerClient::set_blowfish_key
FNDA:3,GameServerClient::try_get_server_id
FNDA:38,<impl Actor for GameServerClient>::on_start
FNDA:0,<impl Actor for GameServerClient>::on_panic
FNDA:0,<impl Actor for GameServerClient>::on_link_died
FNDA:1,<impl Actor for GameServerClient>::on_stop
FNDA:0,<impl Message for GameServerClient>::handle
FNDA:28,<impl ServerToServer for GameServerClient>::get_packet_sender
FNDA:28,<impl ServerToServer for GameServerClient>::get_blowfish
DA:43,19
DA:44,38
DA:49,57
DA:50,57
DA:51,38
DA:57,24
DA:58,26
DA:60,2
DA:61,2
DA:63,10
DA:65,2
DA:66,5
DA:67,1
DA:69,3
DA:70,3
DA:71,4
DA:82,38
DA:83,76
DA:84,19
DA:89,57
DA:90,38
DA:91,19
DA:92,19
DA:93,19
DA:94,19
DA:96,38
DA:97,57
DA:98,38
DA:99,76
DA:100,57
DA:101,19
DA:104,0
DA:109,0
DA:110,0
DA:112,0
DA:114,0
DA:116,0
DA:122,0
DA:124,1
DA:129,1
DA:130,0
DA:131,0
DA:133,2
DA:135,3
DA:137,1
DA:139,2
DA:152,0
DA:157,0
DA:158,0
DA:159,0
DA:161,0
DA:162,0
DA:163,0
DA:167,28
DA:168,56
DA:171,28
DA:172,28
LF:57
LH:41
end_of_record
TN:
SF:/Users/artem/dev/rust/L2Shablya/login/src/login_client.rs
FN:36,LoginClient::new
FN:54,LoginClient::send_packet
FN:59,LoginClient::send_packet_no_wait
FN:74,<impl Actor for LoginClient>::on_start
FN:96,<impl Actor for LoginClient>::on_panic
FN:109,<impl Actor for LoginClient>::on_link_died
FN:118,<impl Actor for LoginClient>::on_stop
FN:143,<impl Message for LoginClient>::handle
FNF:8
FNDA:11,LoginClient::new
FNDA:38,LoginClient::send_packet
FNDA:0,LoginClient::send_packet_no_wait
FNDA:20,<impl Actor for LoginClient>::on_start
FNDA:0,<impl Actor for LoginClient>::on_panic
FNDA:0,<impl Actor for LoginClient>::on_link_died
FNDA:0,<impl Actor for LoginClient>::on_stop
FNDA:0,<impl Message for LoginClient>::handle
DA:36,11
DA:37,33
DA:38,33
DA:39,33
DA:43,22
DA:48,22
DA:54,38
DA:55,57
DA:56,57
DA:57,95
DA:59,0
DA:60,0
DA:61,0
DA:62,0
DA:74,20
DA:75,40
DA:76,10
DA:77,30
DA:78,20
DA:79,10
DA:80,10
DA:81,10
DA:82,30
DA:84,20
DA:85,30
DA:86,20
DA:88,10
DA:89,20
DA:90,20
DA:92,0
DA:93,10
DA:96,0
DA:101,0
DA:102,0
DA:104,0
DA:106,0
DA:109,0
DA:115,0
DA:118,0
DA:123,0
DA:124,0
DA:125,0
DA:126,0
DA:127,0
DA:130,0
DA:132,0
DA:134,0
DA:136,0
DA:143,0
DA:148,0
DA:149,0
DA:150,0
DA:151,0
LF:53
LH:26
end_of_record
TN:
SF:/Users/artem/dev/rust/L2Shablya/login/src/main.rs
FN:23,main
FNF:1
FNDA:0,main
DA:23,0
DA:24,0
DA:32,0
DA:33,0
DA:34,0
DA:36,0
DA:37,0
DA:38,0
DA:39,0
DA:41,0
DA:42,0
DA:43,0
DA:45,0
DA:46,0
DA:47,0
DA:49,0
DA:50,0
DA:51,0
DA:52,0
DA:53,0
DA:54,0
DA:55,0
DA:56,0
DA:57,0
DA:59,0
DA:60,0
DA:66,0
DA:67,0
DA:68,0
DA:69,0
DA:70,0
DA:71,0
DA:72,0
DA:74,0
DA:75,0
DA:79,0
DA:80,0
DA:82,0
DA:83,0
DA:86,0
DA:87,0
DA:89,0
DA:90,0
LF:43
LH:0
end_of_record
TN:
SF:/Users/artem/dev/rust/L2Shablya/login/src/packet/cp_factory.rs
FN:19,build_client_message_packet
FNF:1
FNDA:1,build_client_message_packet
DA:19,1
DA:23,2
DA:24,0
DA:29,1
DA:30,1
DA:34,2
DA:35,4
DA:39,1
DA:44,0
DA:45,0
DA:47,0
DA:50,0
LF:12
LH:7
end_of_record
TN:
SF:/Users/artem/dev/rust/L2Shablya/login/src/packet/from_client/req_auth_gg.rs
FN:17,<impl Message for LoginClient>::handle
FN:37,<impl ReadablePacket for RequestAuthGG>::read
FNF:2
FNDA:2,<impl Message for LoginClient>::handle
FNDA:1,<impl ReadablePacket for RequestAuthGG>::read
DA:17,2
DA:22,2
DA:23,3
DA:24,0
DA:25,1
DA:28,0
DA:29,1
DA:37,1
DA:38,3
DA:39,1
DA:40,3
LF:11
LH:9
end_of_record
TN:
SF:/Users/artem/dev/rust/L2Shablya/login/src/packet/from_client/req_auth_login.rs
FNF:0
DA:92,2
DA:93,6
DA:94,2
DA:98,2
DA:99,4
DA:100,4
DA:101,2
DA:105,4
DA:106,8
DA:107,8
DA:108,12
DA:109,6
DA:110,2
DA:111,2
DA:113,0
DA:114,0
DA:115,0
DA:116,0
DA:117,0
DA:118,0
DA:120,2
LF:21
LH:15
end_of_record
TN:
SF:/Users/artem/dev/rust/L2Shablya/login/src/packet/from_client/req_server_list.rs
FN:18,<impl Message for LoginClient>::handle
FN:41,<impl ReadablePacket for RequestServerList>::read
FNF:2
FNDA:2,<impl Message for LoginClient>::handle
FNDA:1,<impl ReadablePacket for RequestServerList>::read
DA:18,2
DA:23,6
DA:24,3
DA:26,0
DA:27,1
DA:29,2
DA:30,2
DA:32,0
DA:33,1
DA:41,1
DA:42,3
DA:44,2
DA:45,1
LF:13
LH:11
end_of_record
TN:
SF:/Users/artem/dev/rust/L2Shablya/login/src/packet/from_client/request_gs_login.rs
FN:18,RequestGSLogin::check_session
FN:28,<impl Message for LoginClient>::handle
FN:51,<impl ReadablePacket for RequestGSLogin>::read
FNF:3
FNDA:2,RequestGSLogin::check_session
FNDA:2,<impl Message for LoginClient>::handle
FNDA:1,<impl ReadablePacket for RequestGSLogin>::read
DA:18,2
DA:19,6
DA:20,1
DA:22,1
DA:28,2
DA:33,7
DA:34,2
DA:35,1
DA:37,0
DA:38,0
DA:39,0
DA:40,0
DA:42,1
DA:43,0
DA:44,1
DA:51,1
DA:52,3
DA:54,2
DA:55,1
DA:56,1
LF:20
LH:15
end_of_record
TN:
SF:/Users/artem/dev/rust/L2Shablya/login/src/packet/gs_factory.rs
FN:28,build_gs_packet
FNF:1
FNDA:0,build_gs_packet
DA:28,0
DA:29,0
DA:30,0
DA:33,0
DA:34,0
DA:35,0
DA:36,0
DA:38,0
DA:41,0
DA:43,0
DA:44,0
DA:45,0
DA:46,0
DA:47,0
DA:49,0
LF:15
LH:0
end_of_record
TN:
SF:/Users/artem/dev/rust/L2Shablya/login/src/packet/handleable/gs_blowfish.rs
FN:20,<impl Message for GameServerClient>::handle
FNF:1
FNDA:227,<impl Message for GameServerClient>::handle
DA:20,227
LF:1
LH:1
end_of_record
TN:
SF:/Users/artem/dev/rust/L2Shablya/login/src/packet/handleable/gs_player_auth_request.rs
FN:17,<impl Message for GameServerClient>::handle
FNF:1
FNDA:2,<impl Message for GameServerClient>::handle
DA:17,2
DA:18,3
DA:20,1
DA:21,1
DA:24,1
LF:5
LH:5
end_of_record
TN:
SF:/Users/artem/dev/rust/L2Shablya/login/src/packet/handleable/gs_status.rs
FN:22,<impl Message for GameServerClient>::handle
FNF:1
FNDA:1,<impl Message for GameServerClient>::handle
DA:22,1
DA:23,3
DA:24,3
DA:25,3
DA:26,3
DA:27,3
LF:6
LH:6
end_of_record
TN:
SF:/Users/artem/dev/rust/L2Shablya/login/src/packet/to_client/auth_gg.rs
FN:11,AuthGG::new
FN:19,AuthGG::write_all
FNF:2
FNDA:2,AuthGG::new
FNDA:2,AuthGG::write_all
DA:11,2
DA:13,2
DA:16,2
DA:17,2
DA:19,2
DA:20,6
DA:21,2
DA:22,2
DA:23,2
DA:24,2
DA:25,2
DA:26,2
LF:12
LH:12
end_of_record
TN:
SF:/Users/artem/dev/rust/L2Shablya/login/src/packet/to_client/init.rs
FN:13,Init::new
FN:27,Init::write_all
FNF:2
FNDA:11,Init::new
FNDA:11,Init::write_all
DA:13,11
DA:19,22
DA:24,22
DA:25,11
DA:27,11
DA:28,33
DA:29,11
DA:30,11
DA:31,11
DA:33,11
DA:34,11
DA:36,11
DA:37,11
DA:38,11
DA:39,11
DA:40,11
LF:16
LH:16
end_of_record
TN:
SF:/Users/artem/dev/rust/L2Shablya/login/src/packet/to_client/login_ok.rs
FN:14,LoginOk::new
FN:24,LoginOk::write_all
FNF:2
FNDA:3,LoginOk::new
FNDA:3,LoginOk::write_all
DA:14,3
DA:16,6
DA:17,3
DA:18,3
DA:21,3
DA:22,3
DA:24,3
DA:25,9
DA:26,3
DA:27,3
DA:28,3
DA:29,3
DA:30,3
DA:31,3
DA:32,3
DA:33,3
DA:34,3
DA:35,3
LF:18
LH:18
end_of_record
TN:
SF:/Users/artem/dev/rust/L2Shablya/login/src/packet/to_client/play_ok.rs
FN:14,PlayOk::new
FN:23,PlayOk::write_all
FNF:2
FNDA:2,PlayOk::new
FNDA:2,PlayOk::write_all
DA:14,2
DA:16,4
DA:17,2
DA:18,2
DA:20,4
DA:21,2
DA:23,2
DA:24,6
DA:25,2
DA:26,2
DA:27,2
LF:11
LH:11
end_of_record
TN:
SF:/Users/artem/dev/rust/L2Shablya/login/src/packet/to_client/server_list.rs
FN:17,ServerList::new
FN:35,ServerList::write_all
FNF:2
FNDA:2,ServerList::new
FNDA:2,ServerList::write_all
DA:17,2
DA:18,6
DA:19,6
DA:20,4
DA:21,2
DA:25,4
DA:30,2
DA:31,2
DA:35,2
DA:37,6
DA:38,2
DA:39,2
DA:41,6
DA:42,6
DA:43,2
DA:46,0
DA:47,2
DA:48,2
DA:49,2
DA:52,2
DA:53,2
DA:54,2
DA:55,0
DA:57,2
DA:59,2
DA:60,2
DA:61,4
DA:63,2
DA:65,0
DA:67,2
DA:68,2
DA:70,2
DA:71,2
DA:72,0
DA:73,0
DA:74,0
DA:77,2
LF:37
LH:31
end_of_record
TN:
SF:/Users/artem/dev/rust/L2Shablya/macro-common/src/utils.rs
FNF:0
DA:58,0
DA:59,0
DA:60,0
DA:61,0
DA:62,0
DA:66,0
DA:67,0
DA:68,0
DA:69,0
DA:71,0
DA:72,0
LF:11
LH:0
end_of_record
TN:
SF:/Users/artem/dev/rust/L2Shablya/migration/src/lib.rs
FN:17,<impl MigratorTrait for Migrator>::migrations
FNF:1
FNDA:83,<impl MigratorTrait for Migrator>::migrations
DA:17,83
DA:18,83
DA:19,83
DA:20,83
DA:21,83
DA:22,83
DA:23,83
DA:24,83
DA:25,83
DA:26,83
DA:27,83
LF:11
LH:11
end_of_record
TN:
SF:/Users/artem/dev/rust/L2Shablya/migration/src/m20220101_000001_create_user.rs
FN:12,<impl MigrationTrait for Migration>::up
FN:38,<impl MigrationTrait for Migration>::down
FNF:2
FNDA:166,<impl MigrationTrait for Migration>::up
FNDA:0,<impl MigrationTrait for Migration>::down
DA:12,166
DA:13,166
DA:15,747
DA:16,664
DA:17,664
DA:18,664
DA:19,581
DA:20,498
DA:21,415
DA:22,332
DA:23,249
DA:24,83
DA:26,83
DA:27,83
DA:38,0
DA:39,0
DA:40,0
DA:41,0
LF:18
LH:14
end_of_record
TN:
SF:/Users/artem/dev/rust/L2Shablya/migration/src/m20241213_210106_create_char.rs
FN:15,<impl MigrationTrait for Migration>::up
FN:99,<impl MigrationTrait for Migration>::down
FNF:2
FNDA:166,<impl MigrationTrait for Migration>::up
FNDA:0,<impl MigrationTrait for Migration>::down
DA:15,166
DA:16,166
DA:18,4980
DA:19,4897
DA:20,4897
DA:21,4897
DA:22,4814
DA:23,4731
DA:24,4648
DA:25,4565
DA:26,4482
DA:27,4399
DA:28,4316
DA:29,4233
DA:30,4150
DA:31,4067
DA:32,3984
DA:33,3901
DA:34,3818
DA:35,3735
DA:36,3652
DA:37,3569
DA:38,3486
DA:39,3403
DA:40,3320
DA:41,3237
DA:42,3154
DA:43,3071
DA:44,2988
DA:45,2905
DA:46,2822
DA:47,2739
DA:48,2656
DA:49,2573
DA:50,2490
DA:51,2407
DA:52,2324
DA:53,2241
DA:54,2158
DA:55,2075
DA:56,1992
DA:57,1909
DA:58,1826
DA:59,1743
DA:60,1660
DA:61,1577
DA:62,1494
DA:63,1411
DA:64,1328
DA:65,1245
DA:66,1162
DA:67,1079
DA:68,996
DA:69,996
DA:70,830
DA:71,747
DA:73,747
DA:74,664
DA:75,581
DA:76,498
DA:77,415
DA:78,332
DA:79,249
DA:80,332
DA:81,332
DA:82,332
DA:83,249
DA:85,83
DA:87,83
DA:88,83
DA:99,0
DA:100,0
DA:101,0
DA:102,0
LF:74
LH:70
end_of_record
TN:
SF:/Users/artem/dev/rust/L2Shablya/migration/src/m20250103_134559_create_items.rs
FN:11,<impl MigrationTrait for Migration>::up
FN:61,<impl MigrationTrait for Migration>::down
FNF:2
FNDA:166,<impl MigrationTrait for Migration>::up
FNDA:0,<impl MigrationTrait for Migration>::down
DA:11,166
DA:12,166
DA:14,1494
DA:15,1411
DA:16,1411
DA:17,1411
DA:18,1328
DA:19,1245
DA:20,1162
DA:21,1079
DA:22,996
DA:23,996
DA:24,913
DA:25,747
DA:26,664
DA:27,581
DA:28,498
DA:29,415
DA:30,332
DA:31,249
DA:32,332
DA:33,332
DA:34,332
DA:35,249
DA:37,83
DA:39,83
DA:40,83
DA:48,0
DA:49,83
DA:61,0
DA:62,0
DA:63,0
DA:64,0
LF:33
LH:28
end_of_record
TN:
SF:/Users/artem/dev/rust/L2Shablya/migration/src/m20250302_182532_create_clan.rs
FN:11,<impl MigrationTrait for Migration>::up
FN:88,<impl MigrationTrait for Migration>::down
FNF:2
FNDA:166,<impl MigrationTrait for Migration>::up
FNDA:0,<impl MigrationTrait for Migration>::down
DA:11,166
DA:12,166
DA:14,1660
DA:15,1577
DA:16,1577
DA:17,1577
DA:18,1494
DA:19,1411
DA:20,1328
DA:21,1245
DA:22,1162
DA:23,1079
DA:24,996
DA:25,913
DA:26,830
DA:27,747
DA:28,664
DA:29,581
DA:31,581
DA:32,498
DA:33,415
DA:35,415
DA:36,332
DA:38,332
DA:39,498
DA:40,498
DA:41,415
DA:42,415
DA:43,332
DA:45,249
DA:46,498
DA:47,498
DA:48,415
DA:49,332
DA:50,249
DA:51,166
DA:53,83
DA:55,83
DA:56,83
DA:58,0
DA:76,166
DA:77,83
DA:82,83
DA:84,0
DA:88,0
DA:90,0
DA:92,0
DA:93,0
DA:94,0
DA:95,0
DA:97,0
DA:98,0
LF:52
LH:42
end_of_record
TN:
SF:/Users/artem/dev/rust/L2Shablya/migration/src/m20250302_194521_create_castle.rs
FN:9,<impl MigrationTrait for Migration>::up
FN:35,<impl MigrationTrait for Migration>::down
FNF:2
FNDA:166,<impl MigrationTrait for Migration>::up
FNDA:0,<impl MigrationTrait for Migration>::down
DA:9,166
DA:10,166
DA:12,1079
DA:13,996
DA:14,996
DA:15,996
DA:16,913
DA:17,830
DA:18,747
DA:19,664
DA:20,581
DA:21,498
DA:22,415
DA:23,332
DA:24,249
DA:25,332
DA:26,332
DA:27,332
DA:28,249
DA:30,83
DA:32,83
DA:35,0
DA:36,0
DA:37,0
DA:38,0
LF:25
LH:21
end_of_record
TN:
SF:/Users/artem/dev/rust/L2Shablya/migration/src/m20250302_195001_create_crest.rs
FN:9,<impl MigrationTrait for Migration>::up
FN:81,<impl MigrationTrait for Migration>::down
FNF:2
FNDA:166,<impl MigrationTrait for Migration>::up
FNDA:0,<impl MigrationTrait for Migration>::down
DA:9,166
DA:10,166
DA:12,498
DA:13,415
DA:14,415
DA:15,415
DA:16,332
DA:17,249
DA:18,83
DA:20,83
DA:21,83
DA:24,0
DA:60,166
DA:61,83
DA:65,83
DA:66,83
DA:70,83
DA:71,83
DA:75,83
DA:77,0
DA:81,0
DA:82,0
DA:84,0
DA:85,0
DA:86,0
DA:87,0
DA:88,0
DA:89,0
DA:91,0
DA:92,0
LF:30
LH:18
end_of_record
TN:
SF:/Users/artem/dev/rust/L2Shablya/migration/src/m20250628_150308_create_skills.rs
FN:11,<impl MigrationTrait for Migration>::up
FN:41,<impl MigrationTrait for Migration>::down
FNF:2
FNDA:166,<impl MigrationTrait for Migration>::up
FNDA:0,<impl MigrationTrait for Migration>::down
DA:11,166
DA:13,166
DA:15,830
DA:16,747
DA:17,747
DA:18,747
DA:19,664
DA:20,581
DA:21,498
DA:22,415
DA:23,332
DA:24,498
DA:25,498
DA:26,415
DA:27,415
DA:28,332
DA:30,249
DA:31,415
DA:32,332
DA:33,249
DA:34,166
DA:36,83
DA:38,83
DA:41,0
DA:43,0
DA:44,0
DA:45,0
LF:27
LH:23
end_of_record
TN:
SF:/Users/artem/dev/rust/L2Shablya/migration/src/m20250629_171706_create_mail.rs
FN:11,<impl MigrationTrait for Migration>::up
FN:47,<impl MigrationTrait for Migration>::down
FNF:2
FNDA:166,<impl MigrationTrait for Migration>::up
FNDA:0,<impl MigrationTrait for Migration>::down
DA:11,166
DA:12,166
DA:14,1328
DA:15,1245
DA:16,1245
DA:17,1245
DA:18,1162
DA:19,1079
DA:20,996
DA:21,913
DA:22,830
DA:23,747
DA:24,664
DA:25,581
DA:26,498
DA:27,415
DA:28,332
DA:29,498
DA:30,498
DA:31,415
DA:32,415
DA:33,332
DA:35,249
DA:36,415
DA:37,415
DA:38,332
DA:39,332
DA:40,249
DA:42,83
DA:44,83
DA:47,0
DA:48,0
DA:49,0
DA:50,0
LF:34
LH:30
end_of_record
TN:
SF:/Users/artem/dev/rust/L2Shablya/migration/src/m20250702_213205_create_quest.rs
FN:11,<impl MigrationTrait for Migration>::up
FN:38,<impl MigrationTrait for Migration>::down
FNF:2
FNDA:166,<impl MigrationTrait for Migration>::up
FNDA:0,<impl MigrationTrait for Migration>::down
DA:11,166
DA:12,166
DA:14,747
DA:15,664
DA:16,664
DA:17,664
DA:18,581
DA:19,498
DA:20,498
DA:21,332
DA:22,415
DA:23,332
DA:24,249
DA:26,249
DA:27,415
DA:28,415
DA:29,332
DA:30,332
DA:31,249
DA:33,83
DA:35,83
DA:38,0
DA:39,0
DA:40,0
DA:41,0
LF:25
LH:21
end_of_record
TN:
SF:/Users/artem/dev/rust/L2Shablya/test-utils/src/utils.rs
FN:6,setup_test_db
FN:18,get_test_db
FN:24,test_hex_id
FNF:3
FNDA:166,setup_test_db
FNDA:166,get_test_db
FNDA:4,test_hex_id
DA:6,166
DA:7,166
DA:9,249
DA:10,83
DA:12,249
DA:13,83
DA:18,166
DA:19,83
DA:24,4
DA:25,12
LF:10
LH:10
end_of_record
